mode: set
hosts-manager/cmd/hosts-manager/commands.go:22.33,26.55 1 0
hosts-manager/cmd/hosts-manager/commands.go:26.55,29.18 3 0
hosts-manager/cmd/hosts-manager/commands.go:29.18,31.5 1 0
hosts-manager/cmd/hosts-manager/commands.go:33.4,34.14 2 0
hosts-manager/cmd/hosts-manager/commands.go:38.2,38.12 1 0
hosts-manager/cmd/hosts-manager/commands.go:41.34,47.55 2 0
hosts-manager/cmd/hosts-manager/commands.go:47.55,50.19 2 0
hosts-manager/cmd/hosts-manager/commands.go:50.19,52.19 2 0
hosts-manager/cmd/hosts-manager/commands.go:52.19,54.6 1 0
hosts-manager/cmd/hosts-manager/commands.go:56.5,56.26 1 0
hosts-manager/cmd/hosts-manager/commands.go:56.26,59.6 2 0
hosts-manager/cmd/hosts-manager/commands.go:61.5,62.36 2 0
hosts-manager/cmd/hosts-manager/commands.go:62.36,68.6 1 0
hosts-manager/cmd/hosts-manager/commands.go:69.5,69.15 1 0
hosts-manager/cmd/hosts-manager/commands.go:72.4,72.22 1 0
hosts-manager/cmd/hosts-manager/commands.go:72.22,74.5 1 0
hosts-manager/cmd/hosts-manager/commands.go:76.4,77.46 2 0
hosts-manager/cmd/hosts-manager/commands.go:77.46,79.5 1 0
hosts-manager/cmd/hosts-manager/commands.go:81.4,85.18 3 0
hosts-manager/cmd/hosts-manager/commands.go:85.18,87.5 1 0
hosts-manager/cmd/hosts-manager/commands.go:89.4,89.46 1 0
hosts-manager/cmd/hosts-manager/commands.go:93.2,95.12 2 0
hosts-manager/cmd/hosts-manager/commands.go:98.30,102.55 1 0
hosts-manager/cmd/hosts-manager/commands.go:102.55,106.18 4 0
hosts-manager/cmd/hosts-manager/commands.go:106.18,108.5 1 0
hosts-manager/cmd/hosts-manager/commands.go:110.4,110.34 1 0
hosts-manager/cmd/hosts-manager/commands.go:114.2,114.12 1 0
hosts-manager/cmd/hosts-manager/commands.go:117.33,124.55 3 0
hosts-manager/cmd/hosts-manager/commands.go:124.55,125.12 1 0
hosts-manager/cmd/hosts-manager/commands.go:125.12,127.19 2 0
hosts-manager/cmd/hosts-manager/commands.go:127.19,129.6 1 0
hosts-manager/cmd/hosts-manager/commands.go:130.5,131.15 2 0
hosts-manager/cmd/hosts-manager/commands.go:134.4,134.12 1 0
hosts-manager/cmd/hosts-manager/commands.go:134.12,139.21 4 0
hosts-manager/cmd/hosts-manager/commands.go:139.21,141.6 1 0
hosts-manager/cmd/hosts-manager/commands.go:144.5,144.31 1 0
hosts-manager/cmd/hosts-manager/commands.go:144.31,146.6 1 0
hosts-manager/cmd/hosts-manager/commands.go:148.5,148.42 1 0
hosts-manager/cmd/hosts-manager/commands.go:151.4,151.21 1 0
hosts-manager/cmd/hosts-manager/commands.go:155.2,158.12 3 0
hosts-manager/cmd/hosts-manager/commands.go:161.33,169.55 4 0
hosts-manager/cmd/hosts-manager/commands.go:169.55,173.18 4 0
hosts-manager/cmd/hosts-manager/commands.go:173.18,175.5 1 0
hosts-manager/cmd/hosts-manager/commands.go:177.4,177.28 1 0
hosts-manager/cmd/hosts-manager/commands.go:177.28,179.51 2 0
hosts-manager/cmd/hosts-manager/commands.go:179.51,180.41 1 0
hosts-manager/cmd/hosts-manager/commands.go:180.41,182.12 2 0
hosts-manager/cmd/hosts-manager/commands.go:185.5,185.46 1 0
hosts-manager/cmd/hosts-manager/commands.go:188.4,189.18 2 0
hosts-manager/cmd/hosts-manager/commands.go:190.16,191.56 1 0
hosts-manager/cmd/hosts-manager/commands.go:192.16,193.40 1 0
hosts-manager/cmd/hosts-manager/commands.go:194.17,195.41 1 0
hosts-manager/cmd/hosts-manager/commands.go:196.12,197.56 1 0
hosts-manager/cmd/hosts-manager/commands.go:200.4,200.18 1 0
hosts-manager/cmd/hosts-manager/commands.go:200.18,202.5 1 0
hosts-manager/cmd/hosts-manager/commands.go:204.4,204.20 1 0
hosts-manager/cmd/hosts-manager/commands.go:204.20,206.5 1 0
hosts-manager/cmd/hosts-manager/commands.go:206.10,209.19 2 0
hosts-manager/cmd/hosts-manager/commands.go:209.19,211.6 1 0
hosts-manager/cmd/hosts-manager/commands.go:213.5,213.64 1 0
hosts-manager/cmd/hosts-manager/commands.go:213.64,215.6 1 0
hosts-manager/cmd/hosts-manager/commands.go:216.5,216.48 1 0
hosts-manager/cmd/hosts-manager/commands.go:219.4,219.14 1 0
hosts-manager/cmd/hosts-manager/commands.go:223.2,227.12 4 0
hosts-manager/cmd/hosts-manager/commands.go:230.33,238.55 3 0
hosts-manager/cmd/hosts-manager/commands.go:238.55,240.46 2 0
hosts-manager/cmd/hosts-manager/commands.go:240.46,242.5 1 0
hosts-manager/cmd/hosts-manager/commands.go:244.4,248.18 3 0
hosts-manager/cmd/hosts-manager/commands.go:248.18,250.5 1 0
hosts-manager/cmd/hosts-manager/commands.go:252.4,253.18 2 0
hosts-manager/cmd/hosts-manager/commands.go:253.18,255.5 1 0
hosts-manager/cmd/hosts-manager/commands.go:257.4,258.18 2 0
hosts-manager/cmd/hosts-manager/commands.go:259.16,260.47 1 0
hosts-manager/cmd/hosts-manager/commands.go:261.16,262.47 1 0
hosts-manager/cmd/hosts-manager/commands.go:263.12,264.63 1 0
hosts-manager/cmd/hosts-manager/commands.go:267.4,267.18 1 0
hosts-manager/cmd/hosts-manager/commands.go:267.18,269.5 1 0
hosts-manager/cmd/hosts-manager/commands.go:271.4,271.13 1 0
hosts-manager/cmd/hosts-manager/commands.go:271.13,274.19 3 0
hosts-manager/cmd/hosts-manager/commands.go:274.19,276.6 1 0
hosts-manager/cmd/hosts-manager/commands.go:278.5,278.55 1 0
hosts-manager/cmd/hosts-manager/commands.go:278.55,279.45 1 0
hosts-manager/cmd/hosts-manager/commands.go:279.45,280.58 1 0
hosts-manager/cmd/hosts-manager/commands.go:280.58,282.8 1 0
hosts-manager/cmd/hosts-manager/commands.go:285.5,285.33 1 0
hosts-manager/cmd/hosts-manager/commands.go:288.4,289.30 2 0
hosts-manager/cmd/hosts-manager/commands.go:289.30,290.55 1 0
hosts-manager/cmd/hosts-manager/commands.go:290.55,292.6 1 0
hosts-manager/cmd/hosts-manager/commands.go:293.5,293.16 1 0
hosts-manager/cmd/hosts-manager/commands.go:293.16,295.6 1 0
hosts-manager/cmd/hosts-manager/commands.go:298.4,298.14 1 0
hosts-manager/cmd/hosts-manager/commands.go:298.14,300.55 2 0
hosts-manager/cmd/hosts-manager/commands.go:300.55,302.6 1 0
hosts-manager/cmd/hosts-manager/commands.go:303.5,303.15 1 0
hosts-manager/cmd/hosts-manager/commands.go:306.4,306.68 1 0
hosts-manager/cmd/hosts-manager/commands.go:306.68,308.5 1 0
hosts-manager/cmd/hosts-manager/commands.go:310.4,311.14 2 0
hosts-manager/cmd/hosts-manager/commands.go:315.2,318.12 3 0
hosts-manager/cmd/hosts-manager/commands.go:321.35,332.2 5 0
hosts-manager/cmd/hosts-manager/commands.go:334.39,338.55 1 0
hosts-manager/cmd/hosts-manager/commands.go:338.55,342.18 4 0
hosts-manager/cmd/hosts-manager/commands.go:342.18,344.5 1 0
hosts-manager/cmd/hosts-manager/commands.go:346.4,347.50 2 0
hosts-manager/cmd/hosts-manager/commands.go:347.50,349.26 2 0
hosts-manager/cmd/hosts-manager/commands.go:349.26,351.6 1 0
hosts-manager/cmd/hosts-manager/commands.go:353.5,354.35 2 0
hosts-manager/cmd/hosts-manager/commands.go:354.35,356.6 1 0
hosts-manager/cmd/hosts-manager/commands.go:357.5,357.18 1 0
hosts-manager/cmd/hosts-manager/commands.go:360.4,360.14 1 0
hosts-manager/cmd/hosts-manager/commands.go:364.2,364.12 1 0
hosts-manager/cmd/hosts-manager/commands.go:367.41,372.55 1 0
hosts-manager/cmd/hosts-manager/commands.go:372.55,374.4 1 0
hosts-manager/cmd/hosts-manager/commands.go:377.2,377.12 1 0
hosts-manager/cmd/hosts-manager/commands.go:380.42,385.55 1 0
hosts-manager/cmd/hosts-manager/commands.go:385.55,387.4 1 0
hosts-manager/cmd/hosts-manager/commands.go:390.2,390.12 1 0
hosts-manager/cmd/hosts-manager/commands.go:393.34,403.2 4 0
hosts-manager/cmd/hosts-manager/commands.go:405.38,409.55 1 0
hosts-manager/cmd/hosts-manager/commands.go:409.55,411.44 2 0
hosts-manager/cmd/hosts-manager/commands.go:411.44,413.24 2 0
hosts-manager/cmd/hosts-manager/commands.go:413.24,415.6 1 0
hosts-manager/cmd/hosts-manager/commands.go:417.5,418.59 2 0
hosts-manager/cmd/hosts-manager/commands.go:421.4,421.14 1 0
hosts-manager/cmd/hosts-manager/commands.go:425.2,425.12 1 0
hosts-manager/cmd/hosts-manager/commands.go:428.42,433.55 1 0
hosts-manager/cmd/hosts-manager/commands.go:433.55,436.15 3 0
hosts-manager/cmd/hosts-manager/commands.go:436.15,438.5 1 0
hosts-manager/cmd/hosts-manager/commands.go:440.4,441.46 2 0
hosts-manager/cmd/hosts-manager/commands.go:441.46,443.5 1 0
hosts-manager/cmd/hosts-manager/commands.go:445.4,447.18 3 0
hosts-manager/cmd/hosts-manager/commands.go:447.18,449.5 1 0
hosts-manager/cmd/hosts-manager/commands.go:451.4,452.30 2 0
hosts-manager/cmd/hosts-manager/commands.go:452.30,453.55 1 0
hosts-manager/cmd/hosts-manager/commands.go:453.55,455.6 1 0
hosts-manager/cmd/hosts-manager/commands.go:456.5,456.16 1 0
hosts-manager/cmd/hosts-manager/commands.go:456.16,458.6 1 0
hosts-manager/cmd/hosts-manager/commands.go:461.4,461.40 1 0
hosts-manager/cmd/hosts-manager/commands.go:461.40,464.50 3 0
hosts-manager/cmd/hosts-manager/commands.go:464.50,465.36 1 0
hosts-manager/cmd/hosts-manager/commands.go:465.36,467.12 2 0
hosts-manager/cmd/hosts-manager/commands.go:471.5,472.37 2 0
hosts-manager/cmd/hosts-manager/commands.go:472.37,474.6 1 0
hosts-manager/cmd/hosts-manager/commands.go:477.4,477.14 1 0
hosts-manager/cmd/hosts-manager/commands.go:477.14,481.5 3 0
hosts-manager/cmd/hosts-manager/commands.go:483.4,483.64 1 0
hosts-manager/cmd/hosts-manager/commands.go:483.64,485.5 1 0
hosts-manager/cmd/hosts-manager/commands.go:487.4,487.41 1 0
hosts-manager/cmd/hosts-manager/commands.go:487.41,490.5 2 0
hosts-manager/cmd/hosts-manager/commands.go:492.4,492.43 1 0
hosts-manager/cmd/hosts-manager/commands.go:492.43,494.5 1 0
hosts-manager/cmd/hosts-manager/commands.go:496.4,497.14 2 0
hosts-manager/cmd/hosts-manager/commands.go:501.2,501.12 1 0
hosts-manager/cmd/hosts-manager/commands.go:504.61,506.44 2 0
hosts-manager/cmd/hosts-manager/commands.go:506.44,508.3 1 0
hosts-manager/cmd/hosts-manager/commands.go:510.2,511.28 2 0
hosts-manager/cmd/hosts-manager/commands.go:511.28,512.53 1 0
hosts-manager/cmd/hosts-manager/commands.go:512.53,514.4 1 0
hosts-manager/cmd/hosts-manager/commands.go:515.3,515.14 1 0
hosts-manager/cmd/hosts-manager/commands.go:515.14,517.4 1 0
hosts-manager/cmd/hosts-manager/commands.go:520.2,522.16 3 0
hosts-manager/cmd/hosts-manager/commands.go:522.16,524.3 1 0
hosts-manager/cmd/hosts-manager/commands.go:526.2,527.12 2 0
hosts-manager/cmd/hosts-manager/commands.go:527.12,529.3 1 0
hosts-manager/cmd/hosts-manager/commands.go:531.2,531.12 1 0
hosts-manager/cmd/hosts-manager/commands.go:531.12,534.3 2 0
hosts-manager/cmd/hosts-manager/commands.go:536.2,536.12 1 0
hosts-manager/cmd/hosts-manager/commands.go:536.12,538.3 1 0
hosts-manager/cmd/hosts-manager/commands.go:538.8,540.3 1 0
hosts-manager/cmd/hosts-manager/commands.go:542.2,542.62 1 0
hosts-manager/cmd/hosts-manager/commands.go:542.62,544.3 1 0
hosts-manager/cmd/hosts-manager/commands.go:547.2,549.12 3 0
hosts-manager/cmd/hosts-manager/commands.go:552.64,555.46 2 0
hosts-manager/cmd/hosts-manager/commands.go:555.46,557.3 1 0
hosts-manager/cmd/hosts-manager/commands.go:559.2,559.31 1 0
hosts-manager/cmd/hosts-manager/commands.go:559.31,561.3 1 0
hosts-manager/cmd/hosts-manager/commands.go:563.2,563.48 1 0
hosts-manager/cmd/hosts-manager/commands.go:563.48,564.54 1 0
hosts-manager/cmd/hosts-manager/commands.go:564.54,565.12 1 0
hosts-manager/cmd/hosts-manager/commands.go:568.3,570.42 2 0
hosts-manager/cmd/hosts-manager/commands.go:570.42,571.22 1 0
hosts-manager/cmd/hosts-manager/commands.go:571.22,572.13 1 0
hosts-manager/cmd/hosts-manager/commands.go:575.4,576.27 2 0
hosts-manager/cmd/hosts-manager/commands.go:576.27,578.5 1 0
hosts-manager/cmd/hosts-manager/commands.go:579.4,579.36 1 0
hosts-manager/cmd/hosts-manager/commands.go:582.3,582.28 1 0
hosts-manager/cmd/hosts-manager/commands.go:585.2,585.46 1 0
hosts-manager/cmd/hosts-manager/commands.go:585.46,587.3 1 0
hosts-manager/cmd/hosts-manager/commands.go:589.2,589.38 1 0
hosts-manager/cmd/hosts-manager/commands.go:592.36,594.17 2 0
hosts-manager/cmd/hosts-manager/commands.go:594.17,596.3 1 0
hosts-manager/cmd/hosts-manager/commands.go:597.2,598.45 2 0
hosts-manager/cmd/hosts-manager/commands.go:598.45,601.3 2 0
hosts-manager/cmd/hosts-manager/commands.go:602.2,602.75 1 0
hosts-manager/cmd/hosts-manager/commands.go:606.75,612.31 3 0
hosts-manager/cmd/hosts-manager/commands.go:612.31,614.3 1 0
hosts-manager/cmd/hosts-manager/commands.go:614.8,615.23 1 0
hosts-manager/cmd/hosts-manager/commands.go:615.23,617.4 1 0
hosts-manager/cmd/hosts-manager/commands.go:618.3,618.49 1 0
hosts-manager/cmd/hosts-manager/commands.go:622.2,625.22 2 0
hosts-manager/cmd/hosts-manager/commands.go:625.22,627.17 2 0
hosts-manager/cmd/hosts-manager/commands.go:627.17,629.4 1 0
hosts-manager/cmd/hosts-manager/commands.go:632.3,633.17 2 0
hosts-manager/cmd/hosts-manager/commands.go:633.17,635.4 1 0
hosts-manager/cmd/hosts-manager/commands.go:638.3,638.85 1 0
hosts-manager/cmd/hosts-manager/commands.go:638.85,640.4 1 0
hosts-manager/cmd/hosts-manager/commands.go:644.2,644.39 1 0
hosts-manager/cmd/hosts-manager/commands.go:644.39,646.3 1 0
hosts-manager/cmd/hosts-manager/commands.go:648.2,648.21 1 0
hosts-manager/cmd/hosts-manager/commands.go:652.40,678.37 3 0
hosts-manager/cmd/hosts-manager/commands.go:678.37,680.3 1 0
hosts-manager/cmd/hosts-manager/commands.go:683.2,686.41 2 0
hosts-manager/cmd/hosts-manager/commands.go:686.41,688.3 1 0
hosts-manager/cmd/hosts-manager/commands.go:690.2,690.33 1 0
hosts-manager/cmd/hosts-manager/commands.go:693.52,695.35 1 0
hosts-manager/cmd/hosts-manager/commands.go:695.35,696.51 1 0
hosts-manager/cmd/hosts-manager/commands.go:696.51,701.4 1 0
hosts-manager/cmd/hosts-manager/commands.go:702.3,702.59 1 0
hosts-manager/cmd/hosts-manager/commands.go:706.2,706.27 1 0
hosts-manager/cmd/hosts-manager/commands.go:706.27,707.35 1 0
hosts-manager/cmd/hosts-manager/commands.go:707.35,708.52 1 0
hosts-manager/cmd/hosts-manager/commands.go:708.52,714.5 1 0
hosts-manager/cmd/hosts-manager/commands.go:715.4,715.61 1 0
hosts-manager/cmd/hosts-manager/commands.go:720.2,720.50 1 0
hosts-manager/cmd/hosts-manager/commands.go:720.50,722.3 1 0
hosts-manager/cmd/hosts-manager/commands.go:724.2,732.56 6 0
hosts-manager/cmd/hosts-manager/commands.go:732.56,735.17 3 0
hosts-manager/cmd/hosts-manager/commands.go:735.17,737.4 1 0
hosts-manager/cmd/hosts-manager/commands.go:738.3,738.78 1 0
hosts-manager/cmd/hosts-manager/commands.go:741.2,741.12 1 0
hosts-manager/cmd/hosts-manager/main.go:25.13,28.16 3 0
hosts-manager/cmd/hosts-manager/main.go:28.16,31.3 2 0
hosts-manager/cmd/hosts-manager/main.go:33.2,60.42 5 0
hosts-manager/cmd/hosts-manager/main.go:60.42,62.92 1 0
hosts-manager/cmd/hosts-manager/main.go:62.92,64.4 1 0
hosts-manager/cmd/hosts-manager/main.go:66.3,68.13 3 0
hosts-manager/cmd/hosts-manager/main.go:72.30,79.55 2 0
hosts-manager/cmd/hosts-manager/main.go:79.55,80.22 1 0
hosts-manager/cmd/hosts-manager/main.go:80.22,82.5 1 0
hosts-manager/cmd/hosts-manager/main.go:84.4,85.46 2 0
hosts-manager/cmd/hosts-manager/main.go:85.46,87.5 1 0
hosts-manager/cmd/hosts-manager/main.go:89.4,90.30 2 0
hosts-manager/cmd/hosts-manager/main.go:90.30,91.55 1 0
hosts-manager/cmd/hosts-manager/main.go:91.55,93.6 1 0
hosts-manager/cmd/hosts-manager/main.go:94.5,94.16 1 0
hosts-manager/cmd/hosts-manager/main.go:94.16,96.6 1 0
hosts-manager/cmd/hosts-manager/main.go:99.4,101.18 3 0
hosts-manager/cmd/hosts-manager/main.go:101.18,103.5 1 0
hosts-manager/cmd/hosts-manager/main.go:105.4,113.52 2 0
hosts-manager/cmd/hosts-manager/main.go:113.52,115.5 1 0
hosts-manager/cmd/hosts-manager/main.go:117.4,117.14 1 0
hosts-manager/cmd/hosts-manager/main.go:117.14,119.28 2 0
hosts-manager/cmd/hosts-manager/main.go:119.28,121.6 1 0
hosts-manager/cmd/hosts-manager/main.go:122.5,123.15 2 0
hosts-manager/cmd/hosts-manager/main.go:126.4,126.64 1 0
hosts-manager/cmd/hosts-manager/main.go:126.64,128.59 1 0
hosts-manager/cmd/hosts-manager/main.go:128.59,130.6 1 0
hosts-manager/cmd/hosts-manager/main.go:131.5,131.61 1 0
hosts-manager/cmd/hosts-manager/main.go:135.4,135.52 1 0
hosts-manager/cmd/hosts-manager/main.go:135.52,137.5 1 0
hosts-manager/cmd/hosts-manager/main.go:139.4,140.14 2 0
hosts-manager/cmd/hosts-manager/main.go:144.2,147.12 3 0
hosts-manager/cmd/hosts-manager/main.go:150.31,157.55 3 0
hosts-manager/cmd/hosts-manager/main.go:157.55,161.18 4 0
hosts-manager/cmd/hosts-manager/main.go:161.18,163.5 1 0
hosts-manager/cmd/hosts-manager/main.go:165.4,165.50 1 0
hosts-manager/cmd/hosts-manager/main.go:165.50,166.64 1 0
hosts-manager/cmd/hosts-manager/main.go:166.64,167.14 1 0
hosts-manager/cmd/hosts-manager/main.go:170.5,171.35 2 0
hosts-manager/cmd/hosts-manager/main.go:171.35,173.6 1 0
hosts-manager/cmd/hosts-manager/main.go:174.5,175.25 2 0
hosts-manager/cmd/hosts-manager/main.go:175.25,177.6 1 0
hosts-manager/cmd/hosts-manager/main.go:177.11,179.6 1 0
hosts-manager/cmd/hosts-manager/main.go:181.5,181.44 1 0
hosts-manager/cmd/hosts-manager/main.go:181.44,182.41 1 0
hosts-manager/cmd/hosts-manager/main.go:182.41,183.15 1 0
hosts-manager/cmd/hosts-manager/main.go:186.6,187.24 2 0
hosts-manager/cmd/hosts-manager/main.go:187.24,189.7 1 0
hosts-manager/cmd/hosts-manager/main.go:191.6,192.29 2 0
hosts-manager/cmd/hosts-manager/main.go:192.29,194.7 1 0
hosts-manager/cmd/hosts-manager/main.go:195.6,195.19 1 0
hosts-manager/cmd/hosts-manager/main.go:199.4,199.14 1 0
hosts-manager/cmd/hosts-manager/main.go:203.2,206.12 3 0
hosts-manager/cmd/hosts-manager/main.go:209.33,214.55 1 0
hosts-manager/cmd/hosts-manager/main.go:214.55,216.46 2 0
hosts-manager/cmd/hosts-manager/main.go:216.46,218.5 1 0
hosts-manager/cmd/hosts-manager/main.go:220.4,221.30 2 0
hosts-manager/cmd/hosts-manager/main.go:221.30,222.55 1 0
hosts-manager/cmd/hosts-manager/main.go:222.55,224.6 1 0
hosts-manager/cmd/hosts-manager/main.go:225.5,225.16 1 0
hosts-manager/cmd/hosts-manager/main.go:225.16,227.6 1 0
hosts-manager/cmd/hosts-manager/main.go:230.4,232.18 3 0
hosts-manager/cmd/hosts-manager/main.go:232.18,234.5 1 0
hosts-manager/cmd/hosts-manager/main.go:236.4,237.14 2 0
hosts-manager/cmd/hosts-manager/main.go:237.14,240.5 2 0
hosts-manager/cmd/hosts-manager/main.go:242.4,242.40 1 0
hosts-manager/cmd/hosts-manager/main.go:242.40,244.5 1 0
hosts-manager/cmd/hosts-manager/main.go:246.4,246.64 1 0
hosts-manager/cmd/hosts-manager/main.go:246.64,248.5 1 0
hosts-manager/cmd/hosts-manager/main.go:250.4,251.14 2 0
hosts-manager/cmd/hosts-manager/main.go:255.2,255.12 1 0
hosts-manager/cmd/hosts-manager/main.go:258.33,263.55 1 0
hosts-manager/cmd/hosts-manager/main.go:263.55,265.4 1 0
hosts-manager/cmd/hosts-manager/main.go:268.2,268.12 1 0
hosts-manager/cmd/hosts-manager/main.go:271.34,276.55 1 0
hosts-manager/cmd/hosts-manager/main.go:276.55,278.4 1 0
hosts-manager/cmd/hosts-manager/main.go:281.2,281.12 1 0
hosts-manager/cmd/hosts-manager/main.go:284.54,286.44 2 0
hosts-manager/cmd/hosts-manager/main.go:286.44,288.3 1 0
hosts-manager/cmd/hosts-manager/main.go:290.2,291.28 2 0
hosts-manager/cmd/hosts-manager/main.go:291.28,292.53 1 0
hosts-manager/cmd/hosts-manager/main.go:292.53,294.4 1 0
hosts-manager/cmd/hosts-manager/main.go:295.3,295.14 1 0
hosts-manager/cmd/hosts-manager/main.go:295.14,297.4 1 0
hosts-manager/cmd/hosts-manager/main.go:300.2,302.16 3 0
hosts-manager/cmd/hosts-manager/main.go:302.16,304.3 1 0
hosts-manager/cmd/hosts-manager/main.go:306.2,307.12 2 0
hosts-manager/cmd/hosts-manager/main.go:307.12,309.3 1 0
hosts-manager/cmd/hosts-manager/main.go:311.2,311.12 1 0
hosts-manager/cmd/hosts-manager/main.go:311.12,314.3 2 0
hosts-manager/cmd/hosts-manager/main.go:316.2,317.12 2 0
hosts-manager/cmd/hosts-manager/main.go:317.12,319.3 1 0
hosts-manager/cmd/hosts-manager/main.go:319.8,321.3 1 0
hosts-manager/cmd/hosts-manager/main.go:323.2,323.14 1 0
hosts-manager/cmd/hosts-manager/main.go:323.14,325.3 1 0
hosts-manager/cmd/hosts-manager/main.go:327.2,327.62 1 0
hosts-manager/cmd/hosts-manager/main.go:327.62,329.3 1 0
hosts-manager/cmd/hosts-manager/main.go:332.2,334.12 3 0
hosts-manager/cmd/hosts-manager/main.go:337.33,346.55 4 0
hosts-manager/cmd/hosts-manager/main.go:346.55,350.18 4 0
hosts-manager/cmd/hosts-manager/main.go:350.18,352.5 1 0
hosts-manager/cmd/hosts-manager/main.go:354.4,357.28 3 0
hosts-manager/cmd/hosts-manager/main.go:357.28,359.5 1 0
hosts-manager/cmd/hosts-manager/main.go:359.10,361.5 1 0
hosts-manager/cmd/hosts-manager/main.go:363.4,363.25 1 0
hosts-manager/cmd/hosts-manager/main.go:363.25,366.5 2 0
hosts-manager/cmd/hosts-manager/main.go:368.4,369.35 2 0
hosts-manager/cmd/hosts-manager/main.go:369.35,372.23 3 0
hosts-manager/cmd/hosts-manager/main.go:372.23,374.6 1 0
hosts-manager/cmd/hosts-manager/main.go:376.5,378.28 2 0
hosts-manager/cmd/hosts-manager/main.go:378.28,380.6 1 0
hosts-manager/cmd/hosts-manager/main.go:381.5,381.18 1 0
hosts-manager/cmd/hosts-manager/main.go:384.4,384.14 1 0
hosts-manager/cmd/hosts-manager/main.go:388.2,392.12 4 0
hosts-manager/internal/tui/tui.go:91.64,101.43 3 0
hosts-manager/internal/tui/tui.go:101.43,103.3 1 0
hosts-manager/internal/tui/tui.go:105.2,107.12 3 0
hosts-manager/internal/tui/tui.go:110.66,114.55 3 0
hosts-manager/internal/tui/tui.go:114.55,115.42 1 0
hosts-manager/internal/tui/tui.go:115.42,123.4 2 0
hosts-manager/internal/tui/tui.go:126.2,126.16 1 0
hosts-manager/internal/tui/tui.go:129.32,131.2 1 0
hosts-manager/internal/tui/tui.go:133.58,134.27 1 0
hosts-manager/internal/tui/tui.go:135.25,138.16 3 0
hosts-manager/internal/tui/tui.go:140.18,141.24 1 0
hosts-manager/internal/tui/tui.go:142.17,143.28 1 0
hosts-manager/internal/tui/tui.go:144.19,145.30 1 0
hosts-manager/internal/tui/tui.go:146.17,147.28 1 0
hosts-manager/internal/tui/tui.go:148.16,149.27 1 0
hosts-manager/internal/tui/tui.go:152.16,154.16 2 0
hosts-manager/internal/tui/tui.go:156.18,158.16 2 0
hosts-manager/internal/tui/tui.go:161.2,161.15 1 0
hosts-manager/internal/tui/tui.go:164.65,165.22 1 0
hosts-manager/internal/tui/tui.go:166.21,167.21 1 0
hosts-manager/internal/tui/tui.go:169.17,170.19 1 0
hosts-manager/internal/tui/tui.go:170.19,172.4 1 0
hosts-manager/internal/tui/tui.go:174.19,175.34 1 0
hosts-manager/internal/tui/tui.go:175.34,177.4 1 0
hosts-manager/internal/tui/tui.go:179.11,180.15 1 0
hosts-manager/internal/tui/tui.go:182.11,183.32 1 0
hosts-manager/internal/tui/tui.go:185.11,186.32 1 0
hosts-manager/internal/tui/tui.go:186.32,192.28 4 0
hosts-manager/internal/tui/tui.go:192.28,193.42 1 0
hosts-manager/internal/tui/tui.go:193.42,198.73 1 0
hosts-manager/internal/tui/tui.go:198.73,200.12 2 0
hosts-manager/internal/tui/tui.go:205.4,206.27 2 0
hosts-manager/internal/tui/tui.go:206.27,208.5 1 0
hosts-manager/internal/tui/tui.go:209.4,209.47 1 0
hosts-manager/internal/tui/tui.go:212.11,213.32 1 0
hosts-manager/internal/tui/tui.go:213.32,217.41 3 0
hosts-manager/internal/tui/tui.go:217.41,219.57 2 0
hosts-manager/internal/tui/tui.go:219.57,221.6 1 0
hosts-manager/internal/tui/tui.go:222.5,222.59 1 0
hosts-manager/internal/tui/tui.go:223.10,225.5 1 0
hosts-manager/internal/tui/tui.go:228.11,231.21 3 0
hosts-manager/internal/tui/tui.go:233.11,235.26 2 0
hosts-manager/internal/tui/tui.go:237.11,238.25 1 0
hosts-manager/internal/tui/tui.go:240.11,246.17 6 0
hosts-manager/internal/tui/tui.go:248.16,249.27 1 0
hosts-manager/internal/tui/tui.go:251.15,252.32 1 0
hosts-manager/internal/tui/tui.go:252.32,255.4 2 0
hosts-manager/internal/tui/tui.go:258.2,258.15 1 0
hosts-manager/internal/tui/tui.go:261.67,262.22 1 0
hosts-manager/internal/tui/tui.go:263.13,267.42 4 0
hosts-manager/internal/tui/tui.go:269.15,272.20 3 0
hosts-manager/internal/tui/tui.go:274.19,275.29 1 0
hosts-manager/internal/tui/tui.go:275.29,277.4 1 0
hosts-manager/internal/tui/tui.go:279.10,280.29 1 0
hosts-manager/internal/tui/tui.go:280.29,282.4 1 0
hosts-manager/internal/tui/tui.go:285.2,285.15 1 0
hosts-manager/internal/tui/tui.go:288.65,289.22 1 0
hosts-manager/internal/tui/tui.go:290.28,291.27 1 0
hosts-manager/internal/tui/tui.go:294.2,294.15 1 0
hosts-manager/internal/tui/tui.go:297.64,298.22 1 0
hosts-manager/internal/tui/tui.go:299.13,300.27 1 0
hosts-manager/internal/tui/tui.go:302.21,303.36 1 0
hosts-manager/internal/tui/tui.go:305.25,306.36 1 0
hosts-manager/internal/tui/tui.go:308.15,309.44 1 0
hosts-manager/internal/tui/tui.go:309.44,321.54 3 0
hosts-manager/internal/tui/tui.go:321.54,324.5 2 0
hosts-manager/internal/tui/tui.go:325.4,327.28 3 0
hosts-manager/internal/tui/tui.go:328.9,330.4 1 0
hosts-manager/internal/tui/tui.go:332.19,333.21 1 0
hosts-manager/internal/tui/tui.go:334.10,335.24 1 0
hosts-manager/internal/tui/tui.go:335.24,337.5 1 0
hosts-manager/internal/tui/tui.go:338.10,339.31 1 0
hosts-manager/internal/tui/tui.go:339.31,341.5 1 0
hosts-manager/internal/tui/tui.go:342.10,343.29 1 0
hosts-manager/internal/tui/tui.go:343.29,345.5 1 0
hosts-manager/internal/tui/tui.go:346.10,347.30 1 0
hosts-manager/internal/tui/tui.go:347.30,349.5 1 0
hosts-manager/internal/tui/tui.go:352.10,353.29 1 0
hosts-manager/internal/tui/tui.go:353.29,354.22 1 0
hosts-manager/internal/tui/tui.go:355.11,356.28 1 0
hosts-manager/internal/tui/tui.go:357.11,358.35 1 0
hosts-manager/internal/tui/tui.go:359.11,360.33 1 0
hosts-manager/internal/tui/tui.go:361.11,362.34 1 0
hosts-manager/internal/tui/tui.go:367.2,367.15 1 0
hosts-manager/internal/tui/tui.go:370.33,371.25 1 0
hosts-manager/internal/tui/tui.go:371.25,374.3 2 0
hosts-manager/internal/tui/tui.go:376.2,379.34 3 0
hosts-manager/internal/tui/tui.go:379.34,382.50 2 0
hosts-manager/internal/tui/tui.go:382.50,383.58 1 0
hosts-manager/internal/tui/tui.go:383.58,385.10 2 0
hosts-manager/internal/tui/tui.go:389.3,389.73 1 0
hosts-manager/internal/tui/tui.go:389.73,391.4 1 0
hosts-manager/internal/tui/tui.go:393.3,393.78 1 0
hosts-manager/internal/tui/tui.go:393.78,395.4 1 0
hosts-manager/internal/tui/tui.go:397.3,397.73 1 0
hosts-manager/internal/tui/tui.go:397.73,399.4 1 0
hosts-manager/internal/tui/tui.go:401.3,401.12 1 0
hosts-manager/internal/tui/tui.go:401.12,403.4 1 0
hosts-manager/internal/tui/tui.go:406.2,408.89 3 0
hosts-manager/internal/tui/tui.go:411.36,412.24 1 0
hosts-manager/internal/tui/tui.go:412.24,413.65 1 0
hosts-manager/internal/tui/tui.go:413.65,415.4 1 0
hosts-manager/internal/tui/tui.go:416.3,416.22 1 0
hosts-manager/internal/tui/tui.go:423.31,424.23 1 0
hosts-manager/internal/tui/tui.go:425.16,426.22 1 0
hosts-manager/internal/tui/tui.go:427.18,428.24 1 0
hosts-manager/internal/tui/tui.go:429.16,430.22 1 0
hosts-manager/internal/tui/tui.go:431.15,432.21 1 0
hosts-manager/internal/tui/tui.go:435.2,435.11 1 0
hosts-manager/internal/tui/tui.go:438.35,444.25 4 0
hosts-manager/internal/tui/tui.go:444.25,446.3 1 0
hosts-manager/internal/tui/tui.go:446.8,448.3 1 0
hosts-manager/internal/tui/tui.go:450.2,451.34 2 0
hosts-manager/internal/tui/tui.go:451.34,452.40 1 0
hosts-manager/internal/tui/tui.go:452.40,456.4 3 0
hosts-manager/internal/tui/tui.go:458.3,459.20 2 0
hosts-manager/internal/tui/tui.go:459.20,461.4 1 0
hosts-manager/internal/tui/tui.go:463.3,465.26 3 0
hosts-manager/internal/tui/tui.go:465.26,468.4 2 0
hosts-manager/internal/tui/tui.go:470.3,476.32 2 0
hosts-manager/internal/tui/tui.go:476.32,478.4 1 0
hosts-manager/internal/tui/tui.go:480.3,480.20 1 0
hosts-manager/internal/tui/tui.go:480.20,482.4 1 0
hosts-manager/internal/tui/tui.go:482.9,484.4 1 0
hosts-manager/internal/tui/tui.go:486.3,487.22 2 0
hosts-manager/internal/tui/tui.go:490.2,490.21 1 0
hosts-manager/internal/tui/tui.go:490.21,492.86 2 0
hosts-manager/internal/tui/tui.go:492.86,494.4 1 0
hosts-manager/internal/tui/tui.go:494.9,496.4 1 0
hosts-manager/internal/tui/tui.go:497.3,497.22 1 0
hosts-manager/internal/tui/tui.go:500.2,502.19 2 0
hosts-manager/internal/tui/tui.go:505.37,519.2 9 0
hosts-manager/internal/tui/tui.go:521.35,558.2 8 0
hosts-manager/internal/tui/tui.go:560.34,568.21 5 0
hosts-manager/internal/tui/tui.go:568.21,570.3 1 0
hosts-manager/internal/tui/tui.go:571.2,575.21 3 0
hosts-manager/internal/tui/tui.go:575.21,577.3 1 0
hosts-manager/internal/tui/tui.go:578.2,582.21 3 0
hosts-manager/internal/tui/tui.go:582.21,584.3 1 0
hosts-manager/internal/tui/tui.go:585.2,589.21 3 0
hosts-manager/internal/tui/tui.go:589.21,591.3 1 0
hosts-manager/internal/tui/tui.go:592.2,599.19 6 0
hosts-manager/cmd/hosts-manager/commands.go:22.33,26.55 1 0
hosts-manager/cmd/hosts-manager/commands.go:26.55,29.18 3 0
hosts-manager/cmd/hosts-manager/commands.go:29.18,31.5 1 0
hosts-manager/cmd/hosts-manager/commands.go:33.4,34.14 2 0
hosts-manager/cmd/hosts-manager/commands.go:38.2,38.12 1 0
hosts-manager/cmd/hosts-manager/commands.go:41.34,47.55 2 0
hosts-manager/cmd/hosts-manager/commands.go:47.55,50.19 2 0
hosts-manager/cmd/hosts-manager/commands.go:50.19,52.19 2 0
hosts-manager/cmd/hosts-manager/commands.go:52.19,54.6 1 0
hosts-manager/cmd/hosts-manager/commands.go:56.5,56.26 1 0
hosts-manager/cmd/hosts-manager/commands.go:56.26,59.6 2 0
hosts-manager/cmd/hosts-manager/commands.go:61.5,62.36 2 0
hosts-manager/cmd/hosts-manager/commands.go:62.36,68.6 1 0
hosts-manager/cmd/hosts-manager/commands.go:69.5,69.15 1 0
hosts-manager/cmd/hosts-manager/commands.go:72.4,72.22 1 0
hosts-manager/cmd/hosts-manager/commands.go:72.22,74.5 1 0
hosts-manager/cmd/hosts-manager/commands.go:76.4,77.46 2 0
hosts-manager/cmd/hosts-manager/commands.go:77.46,79.5 1 0
hosts-manager/cmd/hosts-manager/commands.go:81.4,85.18 3 0
hosts-manager/cmd/hosts-manager/commands.go:85.18,87.5 1 0
hosts-manager/cmd/hosts-manager/commands.go:89.4,89.46 1 0
hosts-manager/cmd/hosts-manager/commands.go:93.2,95.12 2 0
hosts-manager/cmd/hosts-manager/commands.go:98.30,102.55 1 0
hosts-manager/cmd/hosts-manager/commands.go:102.55,106.18 4 0
hosts-manager/cmd/hosts-manager/commands.go:106.18,108.5 1 0
hosts-manager/cmd/hosts-manager/commands.go:110.4,110.34 1 0
hosts-manager/cmd/hosts-manager/commands.go:114.2,114.12 1 0
hosts-manager/cmd/hosts-manager/commands.go:117.33,124.55 3 0
hosts-manager/cmd/hosts-manager/commands.go:124.55,125.12 1 0
hosts-manager/cmd/hosts-manager/commands.go:125.12,127.19 2 0
hosts-manager/cmd/hosts-manager/commands.go:127.19,129.6 1 0
hosts-manager/cmd/hosts-manager/commands.go:130.5,131.15 2 0
hosts-manager/cmd/hosts-manager/commands.go:134.4,134.12 1 0
hosts-manager/cmd/hosts-manager/commands.go:134.12,139.21 4 0
hosts-manager/cmd/hosts-manager/commands.go:139.21,141.6 1 0
hosts-manager/cmd/hosts-manager/commands.go:144.5,144.31 1 0
hosts-manager/cmd/hosts-manager/commands.go:144.31,146.6 1 0
hosts-manager/cmd/hosts-manager/commands.go:148.5,148.42 1 0
hosts-manager/cmd/hosts-manager/commands.go:151.4,151.21 1 0
hosts-manager/cmd/hosts-manager/commands.go:155.2,158.12 3 0
hosts-manager/cmd/hosts-manager/commands.go:161.33,169.55 4 0
hosts-manager/cmd/hosts-manager/commands.go:169.55,173.18 4 0
hosts-manager/cmd/hosts-manager/commands.go:173.18,175.5 1 0
hosts-manager/cmd/hosts-manager/commands.go:177.4,177.28 1 0
hosts-manager/cmd/hosts-manager/commands.go:177.28,179.51 2 0
hosts-manager/cmd/hosts-manager/commands.go:179.51,180.41 1 0
hosts-manager/cmd/hosts-manager/commands.go:180.41,182.12 2 0
hosts-manager/cmd/hosts-manager/commands.go:185.5,185.46 1 0
hosts-manager/cmd/hosts-manager/commands.go:188.4,189.18 2 0
hosts-manager/cmd/hosts-manager/commands.go:190.16,191.56 1 0
hosts-manager/cmd/hosts-manager/commands.go:192.16,193.40 1 0
hosts-manager/cmd/hosts-manager/commands.go:194.17,195.41 1 0
hosts-manager/cmd/hosts-manager/commands.go:196.12,197.56 1 0
hosts-manager/cmd/hosts-manager/commands.go:200.4,200.18 1 0
hosts-manager/cmd/hosts-manager/commands.go:200.18,202.5 1 0
hosts-manager/cmd/hosts-manager/commands.go:204.4,204.20 1 0
hosts-manager/cmd/hosts-manager/commands.go:204.20,206.5 1 0
hosts-manager/cmd/hosts-manager/commands.go:206.10,209.19 2 0
hosts-manager/cmd/hosts-manager/commands.go:209.19,211.6 1 0
hosts-manager/cmd/hosts-manager/commands.go:213.5,213.64 1 0
hosts-manager/cmd/hosts-manager/commands.go:213.64,215.6 1 0
hosts-manager/cmd/hosts-manager/commands.go:216.5,216.48 1 0
hosts-manager/cmd/hosts-manager/commands.go:219.4,219.14 1 0
hosts-manager/cmd/hosts-manager/commands.go:223.2,227.12 4 0
hosts-manager/cmd/hosts-manager/commands.go:230.33,238.55 3 0
hosts-manager/cmd/hosts-manager/commands.go:238.55,240.46 2 0
hosts-manager/cmd/hosts-manager/commands.go:240.46,242.5 1 0
hosts-manager/cmd/hosts-manager/commands.go:244.4,248.18 3 0
hosts-manager/cmd/hosts-manager/commands.go:248.18,250.5 1 0
hosts-manager/cmd/hosts-manager/commands.go:252.4,253.18 2 0
hosts-manager/cmd/hosts-manager/commands.go:253.18,255.5 1 0
hosts-manager/cmd/hosts-manager/commands.go:257.4,258.18 2 0
hosts-manager/cmd/hosts-manager/commands.go:259.16,260.47 1 0
hosts-manager/cmd/hosts-manager/commands.go:261.16,262.47 1 0
hosts-manager/cmd/hosts-manager/commands.go:263.12,264.63 1 0
hosts-manager/cmd/hosts-manager/commands.go:267.4,267.18 1 0
hosts-manager/cmd/hosts-manager/commands.go:267.18,269.5 1 0
hosts-manager/cmd/hosts-manager/commands.go:271.4,271.13 1 0
hosts-manager/cmd/hosts-manager/commands.go:271.13,274.19 3 0
hosts-manager/cmd/hosts-manager/commands.go:274.19,276.6 1 0
hosts-manager/cmd/hosts-manager/commands.go:278.5,278.55 1 0
hosts-manager/cmd/hosts-manager/commands.go:278.55,279.45 1 0
hosts-manager/cmd/hosts-manager/commands.go:279.45,280.58 1 0
hosts-manager/cmd/hosts-manager/commands.go:280.58,282.8 1 0
hosts-manager/cmd/hosts-manager/commands.go:285.5,285.33 1 0
hosts-manager/cmd/hosts-manager/commands.go:288.4,289.30 2 0
hosts-manager/cmd/hosts-manager/commands.go:289.30,290.55 1 0
hosts-manager/cmd/hosts-manager/commands.go:290.55,292.6 1 0
hosts-manager/cmd/hosts-manager/commands.go:293.5,293.16 1 0
hosts-manager/cmd/hosts-manager/commands.go:293.16,295.6 1 0
hosts-manager/cmd/hosts-manager/commands.go:298.4,298.14 1 0
hosts-manager/cmd/hosts-manager/commands.go:298.14,300.55 2 0
hosts-manager/cmd/hosts-manager/commands.go:300.55,302.6 1 0
hosts-manager/cmd/hosts-manager/commands.go:303.5,303.15 1 0
hosts-manager/cmd/hosts-manager/commands.go:306.4,306.68 1 0
hosts-manager/cmd/hosts-manager/commands.go:306.68,308.5 1 0
hosts-manager/cmd/hosts-manager/commands.go:310.4,311.14 2 0
hosts-manager/cmd/hosts-manager/commands.go:315.2,318.12 3 0
hosts-manager/cmd/hosts-manager/commands.go:321.35,332.2 5 0
hosts-manager/cmd/hosts-manager/commands.go:334.39,338.55 1 0
hosts-manager/cmd/hosts-manager/commands.go:338.55,342.18 4 0
hosts-manager/cmd/hosts-manager/commands.go:342.18,344.5 1 0
hosts-manager/cmd/hosts-manager/commands.go:346.4,347.50 2 0
hosts-manager/cmd/hosts-manager/commands.go:347.50,349.26 2 0
hosts-manager/cmd/hosts-manager/commands.go:349.26,351.6 1 0
hosts-manager/cmd/hosts-manager/commands.go:353.5,354.35 2 0
hosts-manager/cmd/hosts-manager/commands.go:354.35,356.6 1 0
hosts-manager/cmd/hosts-manager/commands.go:357.5,357.18 1 0
hosts-manager/cmd/hosts-manager/commands.go:360.4,360.14 1 0
hosts-manager/cmd/hosts-manager/commands.go:364.2,364.12 1 0
hosts-manager/cmd/hosts-manager/commands.go:367.41,372.55 1 0
hosts-manager/cmd/hosts-manager/commands.go:372.55,374.4 1 0
hosts-manager/cmd/hosts-manager/commands.go:377.2,377.12 1 0
hosts-manager/cmd/hosts-manager/commands.go:380.42,385.55 1 0
hosts-manager/cmd/hosts-manager/commands.go:385.55,387.4 1 0
hosts-manager/cmd/hosts-manager/commands.go:390.2,390.12 1 0
hosts-manager/cmd/hosts-manager/commands.go:393.34,403.2 4 0
hosts-manager/cmd/hosts-manager/commands.go:405.38,409.55 1 0
hosts-manager/cmd/hosts-manager/commands.go:409.55,411.44 2 0
hosts-manager/cmd/hosts-manager/commands.go:411.44,413.24 2 0
hosts-manager/cmd/hosts-manager/commands.go:413.24,415.6 1 0
hosts-manager/cmd/hosts-manager/commands.go:417.5,418.59 2 0
hosts-manager/cmd/hosts-manager/commands.go:421.4,421.14 1 0
hosts-manager/cmd/hosts-manager/commands.go:425.2,425.12 1 0
hosts-manager/cmd/hosts-manager/commands.go:428.42,433.55 1 0
hosts-manager/cmd/hosts-manager/commands.go:433.55,436.15 3 0
hosts-manager/cmd/hosts-manager/commands.go:436.15,438.5 1 0
hosts-manager/cmd/hosts-manager/commands.go:440.4,441.46 2 0
hosts-manager/cmd/hosts-manager/commands.go:441.46,443.5 1 0
hosts-manager/cmd/hosts-manager/commands.go:445.4,447.18 3 0
hosts-manager/cmd/hosts-manager/commands.go:447.18,449.5 1 0
hosts-manager/cmd/hosts-manager/commands.go:451.4,452.30 2 0
hosts-manager/cmd/hosts-manager/commands.go:452.30,453.55 1 0
hosts-manager/cmd/hosts-manager/commands.go:453.55,455.6 1 0
hosts-manager/cmd/hosts-manager/commands.go:456.5,456.16 1 0
hosts-manager/cmd/hosts-manager/commands.go:456.16,458.6 1 0
hosts-manager/cmd/hosts-manager/commands.go:461.4,461.40 1 0
hosts-manager/cmd/hosts-manager/commands.go:461.40,464.50 3 0
hosts-manager/cmd/hosts-manager/commands.go:464.50,465.36 1 0
hosts-manager/cmd/hosts-manager/commands.go:465.36,467.12 2 0
hosts-manager/cmd/hosts-manager/commands.go:471.5,472.37 2 0
hosts-manager/cmd/hosts-manager/commands.go:472.37,474.6 1 0
hosts-manager/cmd/hosts-manager/commands.go:477.4,477.14 1 0
hosts-manager/cmd/hosts-manager/commands.go:477.14,481.5 3 0
hosts-manager/cmd/hosts-manager/commands.go:483.4,483.64 1 0
hosts-manager/cmd/hosts-manager/commands.go:483.64,485.5 1 0
hosts-manager/cmd/hosts-manager/commands.go:487.4,487.41 1 0
hosts-manager/cmd/hosts-manager/commands.go:487.41,490.5 2 0
hosts-manager/cmd/hosts-manager/commands.go:492.4,492.43 1 0
hosts-manager/cmd/hosts-manager/commands.go:492.43,494.5 1 0
hosts-manager/cmd/hosts-manager/commands.go:496.4,497.14 2 0
hosts-manager/cmd/hosts-manager/commands.go:501.2,501.12 1 0
hosts-manager/cmd/hosts-manager/commands.go:504.61,506.44 2 0
hosts-manager/cmd/hosts-manager/commands.go:506.44,508.3 1 0
hosts-manager/cmd/hosts-manager/commands.go:510.2,511.28 2 0
hosts-manager/cmd/hosts-manager/commands.go:511.28,512.53 1 0
hosts-manager/cmd/hosts-manager/commands.go:512.53,514.4 1 0
hosts-manager/cmd/hosts-manager/commands.go:515.3,515.14 1 0
hosts-manager/cmd/hosts-manager/commands.go:515.14,517.4 1 0
hosts-manager/cmd/hosts-manager/commands.go:520.2,522.16 3 0
hosts-manager/cmd/hosts-manager/commands.go:522.16,524.3 1 0
hosts-manager/cmd/hosts-manager/commands.go:526.2,527.12 2 0
hosts-manager/cmd/hosts-manager/commands.go:527.12,529.3 1 0
hosts-manager/cmd/hosts-manager/commands.go:531.2,531.12 1 0
hosts-manager/cmd/hosts-manager/commands.go:531.12,534.3 2 0
hosts-manager/cmd/hosts-manager/commands.go:536.2,536.12 1 0
hosts-manager/cmd/hosts-manager/commands.go:536.12,538.3 1 0
hosts-manager/cmd/hosts-manager/commands.go:538.8,540.3 1 0
hosts-manager/cmd/hosts-manager/commands.go:542.2,542.62 1 0
hosts-manager/cmd/hosts-manager/commands.go:542.62,544.3 1 0
hosts-manager/cmd/hosts-manager/commands.go:547.2,549.12 3 0
hosts-manager/cmd/hosts-manager/commands.go:552.64,555.46 2 0
hosts-manager/cmd/hosts-manager/commands.go:555.46,557.3 1 0
hosts-manager/cmd/hosts-manager/commands.go:559.2,559.31 1 0
hosts-manager/cmd/hosts-manager/commands.go:559.31,561.3 1 0
hosts-manager/cmd/hosts-manager/commands.go:563.2,563.48 1 0
hosts-manager/cmd/hosts-manager/commands.go:563.48,564.54 1 0
hosts-manager/cmd/hosts-manager/commands.go:564.54,565.12 1 0
hosts-manager/cmd/hosts-manager/commands.go:568.3,570.42 2 0
hosts-manager/cmd/hosts-manager/commands.go:570.42,571.22 1 0
hosts-manager/cmd/hosts-manager/commands.go:571.22,572.13 1 0
hosts-manager/cmd/hosts-manager/commands.go:575.4,576.27 2 0
hosts-manager/cmd/hosts-manager/commands.go:576.27,578.5 1 0
hosts-manager/cmd/hosts-manager/commands.go:579.4,579.36 1 0
hosts-manager/cmd/hosts-manager/commands.go:582.3,582.28 1 0
hosts-manager/cmd/hosts-manager/commands.go:585.2,585.46 1 0
hosts-manager/cmd/hosts-manager/commands.go:585.46,587.3 1 0
hosts-manager/cmd/hosts-manager/commands.go:589.2,589.38 1 0
hosts-manager/cmd/hosts-manager/commands.go:592.36,594.17 2 0
hosts-manager/cmd/hosts-manager/commands.go:594.17,596.3 1 0
hosts-manager/cmd/hosts-manager/commands.go:597.2,598.45 2 0
hosts-manager/cmd/hosts-manager/commands.go:598.45,601.3 2 0
hosts-manager/cmd/hosts-manager/commands.go:602.2,602.75 1 0
hosts-manager/cmd/hosts-manager/commands.go:606.75,612.31 3 0
hosts-manager/cmd/hosts-manager/commands.go:612.31,614.3 1 0
hosts-manager/cmd/hosts-manager/commands.go:614.8,615.23 1 0
hosts-manager/cmd/hosts-manager/commands.go:615.23,617.4 1 0
hosts-manager/cmd/hosts-manager/commands.go:618.3,618.49 1 0
hosts-manager/cmd/hosts-manager/commands.go:622.2,625.22 2 0
hosts-manager/cmd/hosts-manager/commands.go:625.22,627.17 2 0
hosts-manager/cmd/hosts-manager/commands.go:627.17,629.4 1 0
hosts-manager/cmd/hosts-manager/commands.go:632.3,633.17 2 0
hosts-manager/cmd/hosts-manager/commands.go:633.17,635.4 1 0
hosts-manager/cmd/hosts-manager/commands.go:638.3,638.85 1 0
hosts-manager/cmd/hosts-manager/commands.go:638.85,640.4 1 0
hosts-manager/cmd/hosts-manager/commands.go:644.2,644.39 1 0
hosts-manager/cmd/hosts-manager/commands.go:644.39,646.3 1 0
hosts-manager/cmd/hosts-manager/commands.go:648.2,648.21 1 0
hosts-manager/cmd/hosts-manager/commands.go:652.40,678.37 3 0
hosts-manager/cmd/hosts-manager/commands.go:678.37,680.3 1 0
hosts-manager/cmd/hosts-manager/commands.go:683.2,686.41 2 0
hosts-manager/cmd/hosts-manager/commands.go:686.41,688.3 1 0
hosts-manager/cmd/hosts-manager/commands.go:690.2,690.33 1 0
hosts-manager/cmd/hosts-manager/commands.go:693.52,695.35 1 0
hosts-manager/cmd/hosts-manager/commands.go:695.35,696.51 1 0
hosts-manager/cmd/hosts-manager/commands.go:696.51,701.4 1 0
hosts-manager/cmd/hosts-manager/commands.go:702.3,702.59 1 0
hosts-manager/cmd/hosts-manager/commands.go:706.2,706.27 1 0
hosts-manager/cmd/hosts-manager/commands.go:706.27,707.35 1 0
hosts-manager/cmd/hosts-manager/commands.go:707.35,708.52 1 0
hosts-manager/cmd/hosts-manager/commands.go:708.52,714.5 1 0
hosts-manager/cmd/hosts-manager/commands.go:715.4,715.61 1 0
hosts-manager/cmd/hosts-manager/commands.go:720.2,720.50 1 0
hosts-manager/cmd/hosts-manager/commands.go:720.50,722.3 1 0
hosts-manager/cmd/hosts-manager/commands.go:724.2,732.56 6 0
hosts-manager/cmd/hosts-manager/commands.go:732.56,735.17 3 0
hosts-manager/cmd/hosts-manager/commands.go:735.17,737.4 1 0
hosts-manager/cmd/hosts-manager/commands.go:738.3,738.78 1 0
hosts-manager/cmd/hosts-manager/commands.go:741.2,741.12 1 0
hosts-manager/cmd/hosts-manager/main.go:25.13,28.16 3 0
hosts-manager/cmd/hosts-manager/main.go:28.16,31.3 2 0
hosts-manager/cmd/hosts-manager/main.go:33.2,60.42 5 0
hosts-manager/cmd/hosts-manager/main.go:60.42,62.92 1 0
hosts-manager/cmd/hosts-manager/main.go:62.92,64.4 1 0
hosts-manager/cmd/hosts-manager/main.go:66.3,68.13 3 0
hosts-manager/cmd/hosts-manager/main.go:72.30,79.55 2 0
hosts-manager/cmd/hosts-manager/main.go:79.55,80.22 1 0
hosts-manager/cmd/hosts-manager/main.go:80.22,82.5 1 0
hosts-manager/cmd/hosts-manager/main.go:84.4,85.46 2 0
hosts-manager/cmd/hosts-manager/main.go:85.46,87.5 1 0
hosts-manager/cmd/hosts-manager/main.go:89.4,90.30 2 0
hosts-manager/cmd/hosts-manager/main.go:90.30,91.55 1 0
hosts-manager/cmd/hosts-manager/main.go:91.55,93.6 1 0
hosts-manager/cmd/hosts-manager/main.go:94.5,94.16 1 0
hosts-manager/cmd/hosts-manager/main.go:94.16,96.6 1 0
hosts-manager/cmd/hosts-manager/main.go:99.4,101.18 3 0
hosts-manager/cmd/hosts-manager/main.go:101.18,103.5 1 0
hosts-manager/cmd/hosts-manager/main.go:105.4,113.52 2 0
hosts-manager/cmd/hosts-manager/main.go:113.52,115.5 1 0
hosts-manager/cmd/hosts-manager/main.go:117.4,117.14 1 0
hosts-manager/cmd/hosts-manager/main.go:117.14,119.28 2 0
hosts-manager/cmd/hosts-manager/main.go:119.28,121.6 1 0
hosts-manager/cmd/hosts-manager/main.go:122.5,123.15 2 0
hosts-manager/cmd/hosts-manager/main.go:126.4,126.64 1 0
hosts-manager/cmd/hosts-manager/main.go:126.64,128.59 1 0
hosts-manager/cmd/hosts-manager/main.go:128.59,130.6 1 0
hosts-manager/cmd/hosts-manager/main.go:131.5,131.61 1 0
hosts-manager/cmd/hosts-manager/main.go:135.4,135.52 1 0
hosts-manager/cmd/hosts-manager/main.go:135.52,137.5 1 0
hosts-manager/cmd/hosts-manager/main.go:139.4,140.14 2 0
hosts-manager/cmd/hosts-manager/main.go:144.2,147.12 3 0
hosts-manager/cmd/hosts-manager/main.go:150.31,157.55 3 0
hosts-manager/cmd/hosts-manager/main.go:157.55,161.18 4 0
hosts-manager/cmd/hosts-manager/main.go:161.18,163.5 1 0
hosts-manager/cmd/hosts-manager/main.go:165.4,165.50 1 0
hosts-manager/cmd/hosts-manager/main.go:165.50,166.64 1 0
hosts-manager/cmd/hosts-manager/main.go:166.64,167.14 1 0
hosts-manager/cmd/hosts-manager/main.go:170.5,171.35 2 0
hosts-manager/cmd/hosts-manager/main.go:171.35,173.6 1 0
hosts-manager/cmd/hosts-manager/main.go:174.5,175.25 2 0
hosts-manager/cmd/hosts-manager/main.go:175.25,177.6 1 0
hosts-manager/cmd/hosts-manager/main.go:177.11,179.6 1 0
hosts-manager/cmd/hosts-manager/main.go:181.5,181.44 1 0
hosts-manager/cmd/hosts-manager/main.go:181.44,182.41 1 0
hosts-manager/cmd/hosts-manager/main.go:182.41,183.15 1 0
hosts-manager/cmd/hosts-manager/main.go:186.6,187.24 2 0
hosts-manager/cmd/hosts-manager/main.go:187.24,189.7 1 0
hosts-manager/cmd/hosts-manager/main.go:191.6,192.29 2 0
hosts-manager/cmd/hosts-manager/main.go:192.29,194.7 1 0
hosts-manager/cmd/hosts-manager/main.go:195.6,195.19 1 0
hosts-manager/cmd/hosts-manager/main.go:199.4,199.14 1 0
hosts-manager/cmd/hosts-manager/main.go:203.2,206.12 3 0
hosts-manager/cmd/hosts-manager/main.go:209.33,214.55 1 0
hosts-manager/cmd/hosts-manager/main.go:214.55,216.46 2 0
hosts-manager/cmd/hosts-manager/main.go:216.46,218.5 1 0
hosts-manager/cmd/hosts-manager/main.go:220.4,221.30 2 0
hosts-manager/cmd/hosts-manager/main.go:221.30,222.55 1 0
hosts-manager/cmd/hosts-manager/main.go:222.55,224.6 1 0
hosts-manager/cmd/hosts-manager/main.go:225.5,225.16 1 0
hosts-manager/cmd/hosts-manager/main.go:225.16,227.6 1 0
hosts-manager/cmd/hosts-manager/main.go:230.4,232.18 3 0
hosts-manager/cmd/hosts-manager/main.go:232.18,234.5 1 0
hosts-manager/cmd/hosts-manager/main.go:236.4,237.14 2 0
hosts-manager/cmd/hosts-manager/main.go:237.14,240.5 2 0
hosts-manager/cmd/hosts-manager/main.go:242.4,242.40 1 0
hosts-manager/cmd/hosts-manager/main.go:242.40,244.5 1 0
hosts-manager/cmd/hosts-manager/main.go:246.4,246.64 1 0
hosts-manager/cmd/hosts-manager/main.go:246.64,248.5 1 0
hosts-manager/cmd/hosts-manager/main.go:250.4,251.14 2 0
hosts-manager/cmd/hosts-manager/main.go:255.2,255.12 1 0
hosts-manager/cmd/hosts-manager/main.go:258.33,263.55 1 0
hosts-manager/cmd/hosts-manager/main.go:263.55,265.4 1 0
hosts-manager/cmd/hosts-manager/main.go:268.2,268.12 1 0
hosts-manager/cmd/hosts-manager/main.go:271.34,276.55 1 0
hosts-manager/cmd/hosts-manager/main.go:276.55,278.4 1 0
hosts-manager/cmd/hosts-manager/main.go:281.2,281.12 1 0
hosts-manager/cmd/hosts-manager/main.go:284.54,286.44 2 0
hosts-manager/cmd/hosts-manager/main.go:286.44,288.3 1 0
hosts-manager/cmd/hosts-manager/main.go:290.2,291.28 2 0
hosts-manager/cmd/hosts-manager/main.go:291.28,292.53 1 0
hosts-manager/cmd/hosts-manager/main.go:292.53,294.4 1 0
hosts-manager/cmd/hosts-manager/main.go:295.3,295.14 1 0
hosts-manager/cmd/hosts-manager/main.go:295.14,297.4 1 0
hosts-manager/cmd/hosts-manager/main.go:300.2,302.16 3 0
hosts-manager/cmd/hosts-manager/main.go:302.16,304.3 1 0
hosts-manager/cmd/hosts-manager/main.go:306.2,307.12 2 0
hosts-manager/cmd/hosts-manager/main.go:307.12,309.3 1 0
hosts-manager/cmd/hosts-manager/main.go:311.2,311.12 1 0
hosts-manager/cmd/hosts-manager/main.go:311.12,314.3 2 0
hosts-manager/cmd/hosts-manager/main.go:316.2,317.12 2 0
hosts-manager/cmd/hosts-manager/main.go:317.12,319.3 1 0
hosts-manager/cmd/hosts-manager/main.go:319.8,321.3 1 0
hosts-manager/cmd/hosts-manager/main.go:323.2,323.14 1 0
hosts-manager/cmd/hosts-manager/main.go:323.14,325.3 1 0
hosts-manager/cmd/hosts-manager/main.go:327.2,327.62 1 0
hosts-manager/cmd/hosts-manager/main.go:327.62,329.3 1 0
hosts-manager/cmd/hosts-manager/main.go:332.2,334.12 3 0
hosts-manager/cmd/hosts-manager/main.go:337.33,346.55 4 0
hosts-manager/cmd/hosts-manager/main.go:346.55,350.18 4 0
hosts-manager/cmd/hosts-manager/main.go:350.18,352.5 1 0
hosts-manager/cmd/hosts-manager/main.go:354.4,357.28 3 0
hosts-manager/cmd/hosts-manager/main.go:357.28,359.5 1 0
hosts-manager/cmd/hosts-manager/main.go:359.10,361.5 1 0
hosts-manager/cmd/hosts-manager/main.go:363.4,363.25 1 0
hosts-manager/cmd/hosts-manager/main.go:363.25,366.5 2 0
hosts-manager/cmd/hosts-manager/main.go:368.4,369.35 2 0
hosts-manager/cmd/hosts-manager/main.go:369.35,372.23 3 0
hosts-manager/cmd/hosts-manager/main.go:372.23,374.6 1 0
hosts-manager/cmd/hosts-manager/main.go:376.5,378.28 2 0
hosts-manager/cmd/hosts-manager/main.go:378.28,380.6 1 0
hosts-manager/cmd/hosts-manager/main.go:381.5,381.18 1 0
hosts-manager/cmd/hosts-manager/main.go:384.4,384.14 1 0
hosts-manager/cmd/hosts-manager/main.go:388.2,392.12 4 0
hosts-manager/internal/audit/audit.go:76.35,81.50 3 0
hosts-manager/internal/audit/audit.go:81.50,83.3 1 0
hosts-manager/internal/audit/audit.go:85.2,93.8 2 0
hosts-manager/internal/audit/audit.go:97.46,98.16 1 0
hosts-manager/internal/audit/audit.go:98.16,100.3 1 0
hosts-manager/internal/audit/audit.go:103.2,103.30 1 0
hosts-manager/internal/audit/audit.go:103.30,105.3 1 0
hosts-manager/internal/audit/audit.go:108.2,108.23 1 0
hosts-manager/internal/audit/audit.go:108.23,110.3 1 0
hosts-manager/internal/audit/audit.go:111.2,111.26 1 0
hosts-manager/internal/audit/audit.go:111.26,112.44 1 0
hosts-manager/internal/audit/audit.go:112.44,114.4 1 0
hosts-manager/internal/audit/audit.go:114.9,114.55 1 0
hosts-manager/internal/audit/audit.go:114.55,116.4 1 0
hosts-manager/internal/audit/audit.go:118.2,118.26 1 0
hosts-manager/internal/audit/audit.go:118.26,120.3 1 0
hosts-manager/internal/audit/audit.go:123.2,124.16 2 0
hosts-manager/internal/audit/audit.go:124.16,126.3 1 0
hosts-manager/internal/audit/audit.go:129.2,129.43 1 0
hosts-manager/internal/audit/audit.go:129.43,132.3 1 0
hosts-manager/internal/audit/audit.go:135.2,136.16 2 0
hosts-manager/internal/audit/audit.go:136.16,138.3 1 0
hosts-manager/internal/audit/audit.go:139.2,142.70 2 0
hosts-manager/internal/audit/audit.go:142.70,144.3 1 0
hosts-manager/internal/audit/audit.go:147.2,147.75 1 0
hosts-manager/internal/audit/audit.go:147.75,148.37 1 0
hosts-manager/internal/audit/audit.go:148.37,150.4 1 0
hosts-manager/internal/audit/audit.go:153.2,153.12 1 0
hosts-manager/internal/audit/audit.go:157.107,168.37 2 0
hosts-manager/internal/audit/audit.go:168.37,172.3 1 0
hosts-manager/internal/audit/audit.go:176.72,194.2 3 0
hosts-manager/internal/audit/audit.go:197.90,199.14 2 0
hosts-manager/internal/audit/audit.go:199.14,201.3 1 0
hosts-manager/internal/audit/audit.go:203.2,212.18 2 0
hosts-manager/internal/audit/audit.go:216.94,218.14 2 0
hosts-manager/internal/audit/audit.go:218.14,220.3 1 0
hosts-manager/internal/audit/audit.go:222.2,237.18 3 0
hosts-manager/internal/audit/audit.go:241.116,243.19 2 0
hosts-manager/internal/audit/audit.go:244.13,245.28 1 0
hosts-manager/internal/audit/audit.go:246.16,247.31 1 0
hosts-manager/internal/audit/audit.go:248.16,249.31 1 0
hosts-manager/internal/audit/audit.go:250.17,251.32 1 0
hosts-manager/internal/audit/audit.go:252.10,253.31 1 0
hosts-manager/internal/audit/audit.go:256.2,257.14 2 0
hosts-manager/internal/audit/audit.go:257.14,259.3 1 0
hosts-manager/internal/audit/audit.go:261.2,277.18 3 0
hosts-manager/internal/audit/audit.go:281.98,283.19 2 0
hosts-manager/internal/audit/audit.go:284.16,285.32 1 0
hosts-manager/internal/audit/audit.go:286.17,287.33 1 0
hosts-manager/internal/audit/audit.go:288.16,289.32 1 0
hosts-manager/internal/audit/audit.go:290.10,291.32 1 0
hosts-manager/internal/audit/audit.go:294.2,295.14 2 0
hosts-manager/internal/audit/audit.go:295.14,297.3 1 0
hosts-manager/internal/audit/audit.go:299.2,314.18 3 0
hosts-manager/internal/audit/audit.go:318.38,320.2 1 0
hosts-manager/internal/audit/audit.go:323.35,325.2 1 0
hosts-manager/internal/audit/audit.go:328.43,330.2 1 0
hosts-manager/internal/audit/audit.go:333.67,335.16 2 0
hosts-manager/internal/audit/audit.go:335.16,336.25 1 0
hosts-manager/internal/audit/audit.go:336.25,338.4 1 0
hosts-manager/internal/audit/audit.go:339.3,339.62 1 0
hosts-manager/internal/audit/audit.go:341.2,346.44 4 0
hosts-manager/internal/audit/audit.go:346.44,348.48 2 0
hosts-manager/internal/audit/audit.go:348.48,349.12 1 0
hosts-manager/internal/audit/audit.go:351.3,351.33 1 0
hosts-manager/internal/audit/audit.go:354.2,354.20 1 0
hosts-manager/internal/audit/audit.go:358.41,361.16 2 0
hosts-manager/internal/audit/audit.go:361.16,362.25 1 0
hosts-manager/internal/audit/audit.go:362.25,364.4 1 0
hosts-manager/internal/audit/audit.go:365.3,365.57 1 0
hosts-manager/internal/audit/audit.go:369.2,369.32 1 0
hosts-manager/internal/audit/audit.go:369.32,371.3 1 0
hosts-manager/internal/audit/audit.go:374.2,374.22 1 0
hosts-manager/internal/audit/audit.go:378.36,384.46 4 0
hosts-manager/internal/audit/audit.go:384.46,385.46 1 0
hosts-manager/internal/audit/audit.go:385.46,387.4 1 0
hosts-manager/internal/audit/audit.go:391.2,391.38 1 0
hosts-manager/internal/audit/audit.go:391.38,395.45 3 0
hosts-manager/internal/audit/audit.go:395.45,396.54 1 0
hosts-manager/internal/audit/audit.go:396.54,398.5 1 0
hosts-manager/internal/audit/audit.go:403.2,404.58 2 0
hosts-manager/internal/audit/audit.go:404.58,406.3 1 0
hosts-manager/internal/audit/audit.go:409.2,409.51 1 0
hosts-manager/internal/audit/audit.go:409.51,412.3 1 0
hosts-manager/internal/audit/audit.go:414.2,414.12 1 0
hosts-manager/internal/audit/audit.go:418.52,421.16 2 0
hosts-manager/internal/audit/audit.go:421.16,423.3 1 0
hosts-manager/internal/audit/audit.go:426.2,427.42 2 0
hosts-manager/internal/audit/audit.go:427.42,429.3 1 0
hosts-manager/internal/audit/audit.go:432.2,433.16 2 0
hosts-manager/internal/audit/audit.go:433.16,435.3 1 0
hosts-manager/internal/audit/audit.go:436.2,441.16 4 0
hosts-manager/internal/audit/audit.go:441.16,443.3 1 0
hosts-manager/internal/audit/audit.go:444.2,448.16 3 0
hosts-manager/internal/audit/audit.go:448.16,450.3 1 0
hosts-manager/internal/audit/audit.go:451.2,457.6 4 0
hosts-manager/internal/audit/audit.go:457.6,459.17 2 0
hosts-manager/internal/audit/audit.go:459.17,460.21 1 0
hosts-manager/internal/audit/audit.go:460.21,461.10 1 0
hosts-manager/internal/audit/audit.go:463.4,463.66 1 0
hosts-manager/internal/audit/audit.go:466.3,466.67 1 0
hosts-manager/internal/audit/audit.go:466.67,468.4 1 0
hosts-manager/internal/audit/audit.go:472.2,472.43 1 0
hosts-manager/internal/audit/audit.go:472.43,474.3 1 0
hosts-manager/internal/audit/audit.go:477.2,477.102 1 0
hosts-manager/internal/audit/audit.go:477.102,479.3 1 0
hosts-manager/internal/audit/audit.go:482.2,482.43 1 0
hosts-manager/internal/audit/audit.go:482.43,484.3 1 0
hosts-manager/internal/audit/audit.go:486.2,486.12 1 0
hosts-manager/internal/audit/audit.go:490.44,492.2 1 0
hosts-manager/internal/audit/audit.go:495.40,497.2 1 0
hosts-manager/internal/audit/audit.go:500.47,505.26 3 0
hosts-manager/internal/audit/audit.go:505.26,506.21 1 0
hosts-manager/internal/audit/audit.go:506.21,508.9 2 0
hosts-manager/internal/audit/audit.go:512.3,512.10 1 0
hosts-manager/internal/audit/audit.go:513.18,514.29 1 0
hosts-manager/internal/audit/audit.go:515.18,516.29 1 0
hosts-manager/internal/audit/audit.go:517.18,518.29 1 0
hosts-manager/internal/audit/audit.go:519.29,520.49 1 0
hosts-manager/internal/audit/audit.go:521.17,522.30 1 0
hosts-manager/internal/audit/audit.go:523.18,524.30 1 0
hosts-manager/internal/audit/audit.go:525.11,526.23 1 0
hosts-manager/internal/audit/audit.go:530.2,530.24 1 0
hosts-manager/internal/audit/audit.go:534.81,535.17 1 0
hosts-manager/internal/audit/audit.go:535.17,537.3 1 0
hosts-manager/internal/audit/audit.go:539.2,540.31 2 0
hosts-manager/internal/audit/audit.go:540.31,543.28 2 0
hosts-manager/internal/audit/audit.go:544.15,545.52 1 0
hosts-manager/internal/audit/audit.go:546.17,548.24 2 0
hosts-manager/internal/audit/audit.go:548.24,550.5 1 0
hosts-manager/internal/audit/audit.go:551.4,551.44 1 0
hosts-manager/internal/audit/audit.go:552.11,554.71 1 0
hosts-manager/internal/audit/audit.go:558.2,558.18 1 0
hosts-manager/internal/backup/backup.go:30.46,35.2 1 0
hosts-manager/internal/backup/backup.go:37.50,40.54 2 0
hosts-manager/internal/backup/backup.go:40.54,42.3 1 0
hosts-manager/internal/backup/backup.go:44.2,45.53 2 0
hosts-manager/internal/backup/backup.go:45.53,47.3 1 0
hosts-manager/internal/backup/backup.go:49.2,52.47 3 0
hosts-manager/internal/backup/backup.go:52.47,54.3 1 0
hosts-manager/internal/backup/backup.go:56.2,58.101 2 0
hosts-manager/internal/backup/backup.go:58.101,60.3 1 0
hosts-manager/internal/backup/backup.go:62.2,64.24 2 0
hosts-manager/internal/backup/backup.go:67.66,69.16 2 0
hosts-manager/internal/backup/backup.go:69.16,71.3 1 0
hosts-manager/internal/backup/backup.go:72.2,75.16 3 0
hosts-manager/internal/backup/backup.go:75.16,77.3 1 0
hosts-manager/internal/backup/backup.go:78.2,80.14 2 0
hosts-manager/internal/backup/backup.go:80.14,84.3 3 0
hosts-manager/internal/backup/backup.go:84.8,86.3 1 0
hosts-manager/internal/backup/backup.go:88.2,88.12 1 0
hosts-manager/internal/backup/backup.go:91.58,92.55 1 0
hosts-manager/internal/backup/backup.go:92.55,94.3 1 0
hosts-manager/internal/backup/backup.go:96.2,99.16 3 0
hosts-manager/internal/backup/backup.go:99.16,101.3 1 0
hosts-manager/internal/backup/backup.go:103.2,105.75 2 0
hosts-manager/internal/backup/backup.go:105.75,107.3 1 0
hosts-manager/internal/backup/backup.go:109.2,110.12 2 0
hosts-manager/internal/backup/backup.go:113.71,115.16 2 0
hosts-manager/internal/backup/backup.go:115.16,117.3 1 0
hosts-manager/internal/backup/backup.go:118.2,122.46 3 0
hosts-manager/internal/backup/backup.go:122.46,124.3 1 0
hosts-manager/internal/backup/backup.go:126.2,127.16 2 0
hosts-manager/internal/backup/backup.go:127.16,129.3 1 0
hosts-manager/internal/backup/backup.go:130.2,133.16 3 0
hosts-manager/internal/backup/backup.go:133.16,135.17 2 0
hosts-manager/internal/backup/backup.go:135.17,137.4 1 0
hosts-manager/internal/backup/backup.go:138.3,139.22 2 0
hosts-manager/internal/backup/backup.go:142.2,143.12 2 0
hosts-manager/internal/backup/backup.go:146.55,149.54 2 0
hosts-manager/internal/backup/backup.go:149.54,151.3 1 0
hosts-manager/internal/backup/backup.go:153.2,154.16 2 0
hosts-manager/internal/backup/backup.go:154.16,156.3 1 0
hosts-manager/internal/backup/backup.go:158.2,159.29 2 0
hosts-manager/internal/backup/backup.go:159.29,161.17 2 0
hosts-manager/internal/backup/backup.go:161.17,162.12 1 0
hosts-manager/internal/backup/backup.go:164.3,164.34 1 0
hosts-manager/internal/backup/backup.go:167.2,167.42 1 0
hosts-manager/internal/backup/backup.go:167.42,169.3 1 0
hosts-manager/internal/backup/backup.go:171.2,171.21 1 0
hosts-manager/internal/backup/backup.go:174.70,176.16 2 0
hosts-manager/internal/backup/backup.go:176.16,178.3 1 0
hosts-manager/internal/backup/backup.go:180.2,181.16 2 0
hosts-manager/internal/backup/backup.go:181.16,183.3 1 0
hosts-manager/internal/backup/backup.go:185.2,188.40 3 0
hosts-manager/internal/backup/backup.go:188.40,190.3 1 0
hosts-manager/internal/backup/backup.go:190.8,192.3 1 0
hosts-manager/internal/backup/backup.go:194.2,195.16 2 0
hosts-manager/internal/backup/backup.go:195.16,197.3 1 0
hosts-manager/internal/backup/backup.go:199.2,204.8 1 0
hosts-manager/internal/backup/backup.go:207.70,209.16 2 0
hosts-manager/internal/backup/backup.go:209.16,211.3 1 0
hosts-manager/internal/backup/backup.go:212.2,215.40 3 0
hosts-manager/internal/backup/backup.go:215.40,217.17 2 0
hosts-manager/internal/backup/backup.go:217.17,219.4 1 0
hosts-manager/internal/backup/backup.go:220.3,221.22 2 0
hosts-manager/internal/backup/backup.go:224.2,225.51 2 0
hosts-manager/internal/backup/backup.go:225.51,227.3 1 0
hosts-manager/internal/backup/backup.go:229.2,229.48 1 0
hosts-manager/internal/backup/backup.go:232.45,234.16 2 0
hosts-manager/internal/backup/backup.go:234.16,236.3 1 0
hosts-manager/internal/backup/backup.go:238.2,244.31 5 0
hosts-manager/internal/backup/backup.go:244.31,245.46 1 0
hosts-manager/internal/backup/backup.go:245.46,247.4 1 0
hosts-manager/internal/backup/backup.go:250.2,250.33 1 0
hosts-manager/internal/backup/backup.go:250.33,251.42 1 0
hosts-manager/internal/backup/backup.go:251.42,253.34 2 0
hosts-manager/internal/backup/backup.go:253.34,254.32 1 0
hosts-manager/internal/backup/backup.go:254.32,256.11 2 0
hosts-manager/internal/backup/backup.go:259.4,259.14 1 0
hosts-manager/internal/backup/backup.go:259.14,261.5 1 0
hosts-manager/internal/backup/backup.go:265.2,265.36 1 0
hosts-manager/internal/backup/backup.go:265.36,266.50 1 0
hosts-manager/internal/backup/backup.go:266.50,268.4 1 0
hosts-manager/internal/backup/backup.go:271.2,271.12 1 0
hosts-manager/internal/backup/backup.go:274.58,276.47 2 0
hosts-manager/internal/backup/backup.go:276.47,278.3 1 0
hosts-manager/internal/backup/backup.go:279.2,279.61 1 0
hosts-manager/internal/backup/backup.go:282.55,283.53 1 0
hosts-manager/internal/backup/backup.go:283.53,285.3 1 0
hosts-manager/internal/backup/backup.go:287.2,287.33 1 0
hosts-manager/internal/backup/backup.go:291.55,294.16 2 0
hosts-manager/internal/backup/backup.go:294.16,295.25 1 0
hosts-manager/internal/backup/backup.go:295.25,297.4 1 0
hosts-manager/internal/backup/backup.go:298.3,298.52 1 0
hosts-manager/internal/backup/backup.go:301.2,305.16 3 0
hosts-manager/internal/backup/backup.go:305.16,307.3 1 0
hosts-manager/internal/backup/backup.go:308.2,312.63 3 0
hosts-manager/internal/backup/backup.go:312.63,314.41 2 0
hosts-manager/internal/backup/backup.go:314.41,316.4 1 0
hosts-manager/internal/backup/backup.go:318.3,318.56 1 0
hosts-manager/internal/backup/backup.go:318.56,320.4 1 0
hosts-manager/internal/backup/backup.go:324.2,324.36 1 0
hosts-manager/internal/backup/backup.go:324.36,326.3 1 0
hosts-manager/internal/backup/backup.go:329.2,332.44 2 0
hosts-manager/internal/backup/backup.go:332.44,334.3 1 0
hosts-manager/internal/backup/backup.go:336.2,336.12 1 0
hosts-manager/internal/backup/backup.go:340.24,341.11 1 0
hosts-manager/internal/backup/backup.go:341.11,343.3 1 0
hosts-manager/internal/backup/backup.go:344.2,344.10 1 0
hosts-manager/internal/backup/backup.go:348.64,351.16 2 0
hosts-manager/internal/backup/backup.go:351.16,353.3 1 0
hosts-manager/internal/backup/backup.go:356.2,357.16 2 0
hosts-manager/internal/backup/backup.go:357.16,359.3 1 0
hosts-manager/internal/backup/backup.go:362.2,362.36 1 0
hosts-manager/internal/backup/backup.go:362.36,364.3 1 0
hosts-manager/internal/backup/backup.go:366.2,366.12 1 0
hosts-manager/internal/backup/backup.go:370.56,373.16 2 0
hosts-manager/internal/backup/backup.go:373.16,375.3 1 0
hosts-manager/internal/backup/backup.go:378.2,378.60 1 0
hosts-manager/internal/backup/backup.go:378.60,382.3 2 0
hosts-manager/internal/backup/backup.go:384.2,384.24 1 0
hosts-manager/internal/config/config.go:59.30,134.2 1 1
hosts-manager/internal/config/config.go:136.32,137.49 1 1
hosts-manager/internal/config/config.go:137.49,139.3 1 1
hosts-manager/internal/config/config.go:140.2,140.49 1 1
hosts-manager/internal/config/config.go:140.49,142.3 1 1
hosts-manager/internal/config/config.go:143.2,143.15 1 1
hosts-manager/internal/config/config.go:146.30,151.55 4 0
hosts-manager/internal/config/config.go:151.55,153.38 2 0
hosts-manager/internal/config/config.go:153.38,155.4 1 0
hosts-manager/internal/config/config.go:156.3,156.21 1 0
hosts-manager/internal/config/config.go:159.2,160.16 2 0
hosts-manager/internal/config/config.go:160.16,162.3 1 0
hosts-manager/internal/config/config.go:164.2,165.53 2 0
hosts-manager/internal/config/config.go:165.53,167.3 1 0
hosts-manager/internal/config/config.go:169.2,169.35 1 0
hosts-manager/internal/config/config.go:169.35,171.3 1 0
hosts-manager/internal/config/config.go:174.2,175.51 2 0
hosts-manager/internal/config/config.go:175.51,177.3 1 0
hosts-manager/internal/config/config.go:179.2,179.20 1 0
hosts-manager/internal/config/config.go:182.33,185.51 2 0
hosts-manager/internal/config/config.go:185.51,187.3 1 0
hosts-manager/internal/config/config.go:189.2,192.53 3 0
hosts-manager/internal/config/config.go:192.53,194.3 1 0
hosts-manager/internal/config/config.go:196.2,198.16 3 0
hosts-manager/internal/config/config.go:198.16,200.3 1 0
hosts-manager/internal/config/config.go:202.2,202.61 1 0
hosts-manager/internal/config/config.go:202.61,204.3 1 0
hosts-manager/internal/config/config.go:206.2,206.12 1 0
hosts-manager/internal/config/config.go:209.61,210.48 1 1
hosts-manager/internal/config/config.go:210.48,212.3 1 1
hosts-manager/internal/config/config.go:213.2,213.32 1 1
hosts-manager/internal/config/config.go:216.52,219.2 2 1
hosts-manager/internal/config/config.go:221.44,222.40 1 1
hosts-manager/internal/config/config.go:222.40,223.22 1 1
hosts-manager/internal/config/config.go:223.22,225.4 1 1
hosts-manager/internal/config/config.go:227.2,227.15 1 1
hosts-manager/internal/config/validator.go:16.41,18.2 1 1
hosts-manager/internal/config/validator.go:26.38,30.2 1 1
hosts-manager/internal/config/validator.go:33.58,55.23 8 1
hosts-manager/internal/config/validator.go:55.23,57.3 1 1
hosts-manager/internal/config/validator.go:59.2,59.12 1 1
hosts-manager/internal/config/validator.go:63.61,65.35 1 1
hosts-manager/internal/config/validator.go:65.35,67.3 1 1
hosts-manager/internal/config/validator.go:67.8,67.58 1 1
hosts-manager/internal/config/validator.go:67.58,69.3 1 1
hosts-manager/internal/config/validator.go:72.2,72.60 1 1
hosts-manager/internal/config/validator.go:72.60,74.3 1 1
hosts-manager/internal/config/validator.go:78.76,79.26 1 1
hosts-manager/internal/config/validator.go:79.26,82.3 2 1
hosts-manager/internal/config/validator.go:84.2,84.44 1 1
hosts-manager/internal/config/validator.go:84.44,86.33 1 1
hosts-manager/internal/config/validator.go:86.33,88.4 1 1
hosts-manager/internal/config/validator.go:91.3,91.29 1 1
hosts-manager/internal/config/validator.go:91.29,93.4 1 1
hosts-manager/internal/config/validator.go:96.3,96.45 1 1
hosts-manager/internal/config/validator.go:96.45,98.4 1 1
hosts-manager/internal/config/validator.go:103.73,106.38 2 1
hosts-manager/internal/config/validator.go:106.38,108.32 1 1
hosts-manager/internal/config/validator.go:108.32,110.4 1 1
hosts-manager/internal/config/validator.go:113.3,113.37 1 1
hosts-manager/internal/config/validator.go:113.37,115.4 1 1
hosts-manager/internal/config/validator.go:118.3,118.53 1 1
hosts-manager/internal/config/validator.go:118.53,120.4 1 1
hosts-manager/internal/config/validator.go:123.3,123.35 1 1
hosts-manager/internal/config/validator.go:123.35,125.4 1 1
hosts-manager/internal/config/validator.go:127.3,127.51 1 1
hosts-manager/internal/config/validator.go:127.51,128.42 1 1
hosts-manager/internal/config/validator.go:128.42,130.5 1 1
hosts-manager/internal/config/validator.go:134.3,134.22 1 1
hosts-manager/internal/config/validator.go:134.22,136.4 1 1
hosts-manager/internal/config/validator.go:140.2,140.23 1 1
hosts-manager/internal/config/validator.go:140.23,142.3 1 1
hosts-manager/internal/config/validator.go:142.8,142.29 1 1
hosts-manager/internal/config/validator.go:142.29,144.3 1 1
hosts-manager/internal/config/validator.go:148.46,151.50 2 1
hosts-manager/internal/config/validator.go:151.50,153.3 1 1
hosts-manager/internal/config/validator.go:156.2,156.43 1 1
hosts-manager/internal/config/validator.go:156.43,158.3 1 1
hosts-manager/internal/config/validator.go:161.2,161.42 1 1
hosts-manager/internal/config/validator.go:161.42,162.30 1 1
hosts-manager/internal/config/validator.go:162.30,164.4 1 1
hosts-manager/internal/config/validator.go:169.58,171.72 1 1
hosts-manager/internal/config/validator.go:171.72,173.3 1 1
hosts-manager/internal/config/validator.go:176.2,176.54 1 1
hosts-manager/internal/config/validator.go:176.54,178.3 1 1
hosts-manager/internal/config/validator.go:181.2,181.61 1 1
hosts-manager/internal/config/validator.go:181.61,183.3 1 1
hosts-manager/internal/config/validator.go:186.2,187.62 2 1
hosts-manager/internal/config/validator.go:187.62,189.3 1 1
hosts-manager/internal/config/validator.go:193.58,195.32 1 1
hosts-manager/internal/config/validator.go:195.32,197.3 1 1
hosts-manager/internal/config/validator.go:200.2,200.43 1 1
hosts-manager/internal/config/validator.go:200.43,201.31 1 1
hosts-manager/internal/config/validator.go:201.31,203.4 1 1
hosts-manager/internal/config/validator.go:206.3,206.48 1 1
hosts-manager/internal/config/validator.go:206.48,208.4 1 1
hosts-manager/internal/config/validator.go:211.3,211.50 1 1
hosts-manager/internal/config/validator.go:211.50,213.4 1 1
hosts-manager/internal/config/validator.go:219.85,225.2 1 1
hosts-manager/internal/config/validator.go:227.44,228.38 1 1
hosts-manager/internal/config/validator.go:228.38,230.3 1 1
hosts-manager/internal/config/validator.go:231.2,232.16 2 1
hosts-manager/internal/config/validator.go:235.43,236.38 1 1
hosts-manager/internal/config/validator.go:236.38,238.3 1 1
hosts-manager/internal/config/validator.go:239.2,240.16 2 1
hosts-manager/internal/config/validator.go:243.42,244.38 1 1
hosts-manager/internal/config/validator.go:244.38,246.3 1 1
hosts-manager/internal/config/validator.go:247.2,248.16 2 1
hosts-manager/internal/config/validator.go:251.40,271.39 4 1
hosts-manager/internal/config/validator.go:271.39,272.40 1 1
hosts-manager/internal/config/validator.go:272.40,274.4 1 1
hosts-manager/internal/config/validator.go:278.2,279.21 2 1
hosts-manager/internal/config/validator.go:279.21,281.3 1 1
hosts-manager/internal/config/validator.go:283.2,284.41 2 1
hosts-manager/internal/config/validator.go:284.41,286.3 1 1
hosts-manager/internal/config/validator.go:288.2,288.33 1 1
hosts-manager/internal/config/validator.go:291.41,292.36 1 1
hosts-manager/internal/config/validator.go:292.36,294.3 1 1
hosts-manager/internal/config/validator.go:297.2,304.37 2 1
hosts-manager/internal/config/validator.go:304.37,306.3 1 1
hosts-manager/internal/config/validator.go:309.2,311.16 3 1
hosts-manager/internal/config/validator.go:314.53,323.45 3 1
hosts-manager/internal/config/validator.go:323.45,324.46 1 1
hosts-manager/internal/config/validator.go:324.46,326.4 1 1
hosts-manager/internal/config/validator.go:329.2,329.14 1 1
hosts-manager/internal/config/validator.go:332.47,339.45 2 1
hosts-manager/internal/config/validator.go:339.45,340.38 1 1
hosts-manager/internal/config/validator.go:340.38,342.4 1 1
hosts-manager/internal/config/validator.go:345.2,345.14 1 1
hosts-manager/internal/config/validator.go:348.55,359.45 3 1
hosts-manager/internal/config/validator.go:359.45,360.47 1 1
hosts-manager/internal/config/validator.go:360.47,362.4 1 1
hosts-manager/internal/config/validator.go:365.2,365.14 1 1
hosts-manager/internal/config/validator.go:368.49,369.26 1 1
hosts-manager/internal/config/validator.go:369.26,370.16 1 1
hosts-manager/internal/config/validator.go:370.16,372.4 1 1
hosts-manager/internal/config/validator.go:374.2,374.14 1 1
hosts-manager/internal/errors/sanitizer.go:15.40,17.2 1 0
hosts-manager/internal/errors/sanitizer.go:19.40,21.2 1 0
hosts-manager/internal/errors/sanitizer.go:24.72,29.2 1 0
hosts-manager/internal/errors/sanitizer.go:32.37,33.16 1 0
hosts-manager/internal/errors/sanitizer.go:33.16,35.3 1 0
hosts-manager/internal/errors/sanitizer.go:37.2,40.25 3 0
hosts-manager/internal/errors/sanitizer.go:40.25,42.3 1 0
hosts-manager/internal/errors/sanitizer.go:44.2,44.12 1 0
hosts-manager/internal/errors/sanitizer.go:48.50,62.2 5 0
hosts-manager/internal/errors/sanitizer.go:66.47,71.36 1 0
hosts-manager/internal/errors/sanitizer.go:71.36,73.21 2 0
hosts-manager/internal/errors/sanitizer.go:73.21,75.38 1 0
hosts-manager/internal/errors/sanitizer.go:75.38,76.62 1 0
hosts-manager/internal/errors/sanitizer.go:76.62,78.6 1 0
hosts-manager/internal/errors/sanitizer.go:80.4,80.38 1 0
hosts-manager/internal/errors/sanitizer.go:85.2,85.37 1 0
hosts-manager/internal/errors/sanitizer.go:85.37,87.21 2 0
hosts-manager/internal/errors/sanitizer.go:87.21,89.38 1 0
hosts-manager/internal/errors/sanitizer.go:89.38,90.62 1 0
hosts-manager/internal/errors/sanitizer.go:90.62,92.6 1 0
hosts-manager/internal/errors/sanitizer.go:94.4,94.39 1 0
hosts-manager/internal/errors/sanitizer.go:98.2,98.16 1 0
hosts-manager/internal/errors/sanitizer.go:102.53,114.29 2 0
hosts-manager/internal/errors/sanitizer.go:114.29,116.3 1 0
hosts-manager/internal/errors/sanitizer.go:118.2,118.16 1 0
hosts-manager/internal/errors/sanitizer.go:122.46,132.36 2 0
hosts-manager/internal/errors/sanitizer.go:132.36,133.41 1 0
hosts-manager/internal/errors/sanitizer.go:133.41,135.22 2 0
hosts-manager/internal/errors/sanitizer.go:135.22,137.37 1 0
hosts-manager/internal/errors/sanitizer.go:137.37,142.6 4 0
hosts-manager/internal/errors/sanitizer.go:143.5,143.60 1 0
hosts-manager/internal/errors/sanitizer.go:149.2,149.39 1 0
hosts-manager/internal/errors/sanitizer.go:149.39,151.30 2 0
hosts-manager/internal/errors/sanitizer.go:151.30,152.55 1 0
hosts-manager/internal/errors/sanitizer.go:152.55,154.5 1 0
hosts-manager/internal/errors/sanitizer.go:156.3,156.37 1 0
hosts-manager/internal/errors/sanitizer.go:160.2,160.43 1 0
hosts-manager/internal/errors/sanitizer.go:160.43,162.30 2 0
hosts-manager/internal/errors/sanitizer.go:162.30,163.59 1 0
hosts-manager/internal/errors/sanitizer.go:163.59,165.5 1 0
hosts-manager/internal/errors/sanitizer.go:167.3,167.37 1 0
hosts-manager/internal/errors/sanitizer.go:171.2,172.29 2 0
hosts-manager/internal/errors/sanitizer.go:172.29,173.25 1 0
hosts-manager/internal/errors/sanitizer.go:173.25,175.4 1 0
hosts-manager/internal/errors/sanitizer.go:177.2,179.16 2 0
hosts-manager/internal/errors/sanitizer.go:183.31,184.17 1 0
hosts-manager/internal/errors/sanitizer.go:184.17,186.3 1 0
hosts-manager/internal/errors/sanitizer.go:187.2,187.22 1 0
hosts-manager/internal/errors/sanitizer.go:187.22,188.25 1 0
hosts-manager/internal/errors/sanitizer.go:188.25,190.4 1 0
hosts-manager/internal/errors/sanitizer.go:192.2,192.13 1 0
hosts-manager/internal/errors/sanitizer.go:196.34,198.21 2 0
hosts-manager/internal/errors/sanitizer.go:198.21,200.3 1 0
hosts-manager/internal/errors/sanitizer.go:201.2,201.29 1 0
hosts-manager/internal/errors/sanitizer.go:201.29,202.58 1 0
hosts-manager/internal/errors/sanitizer.go:202.58,204.4 1 0
hosts-manager/internal/errors/sanitizer.go:206.3,206.38 1 0
hosts-manager/internal/errors/sanitizer.go:206.38,208.4 1 0
hosts-manager/internal/errors/sanitizer.go:209.3,209.56 1 0
hosts-manager/internal/errors/sanitizer.go:209.56,211.4 1 0
hosts-manager/internal/errors/sanitizer.go:212.3,212.74 1 0
hosts-manager/internal/errors/sanitizer.go:212.74,214.4 1 0
hosts-manager/internal/errors/sanitizer.go:216.2,216.13 1 0
hosts-manager/internal/errors/sanitizer.go:220.52,232.49 3 0
hosts-manager/internal/errors/sanitizer.go:232.49,233.42 1 0
hosts-manager/internal/errors/sanitizer.go:233.42,235.4 1 0
hosts-manager/internal/errors/sanitizer.go:238.2,238.16 1 0
hosts-manager/internal/errors/sanitizer.go:242.50,245.2 2 0
hosts-manager/internal/errors/sanitizer.go:248.57,249.16 1 0
hosts-manager/internal/errors/sanitizer.go:249.16,251.3 1 0
hosts-manager/internal/errors/sanitizer.go:253.2,254.58 2 0
hosts-manager/internal/errors/sanitizer.go:258.42,259.16 1 0
hosts-manager/internal/errors/sanitizer.go:259.16,261.3 1 0
hosts-manager/internal/errors/sanitizer.go:263.2,277.44 3 0
hosts-manager/internal/errors/sanitizer.go:277.44,278.40 1 0
hosts-manager/internal/errors/sanitizer.go:278.40,280.4 1 0
hosts-manager/internal/errors/sanitizer.go:283.2,283.14 1 0
hosts-manager/internal/hosts/atomic.go:21.72,28.16 4 0
hosts-manager/internal/hosts/atomic.go:28.16,29.22 1 0
hosts-manager/internal/hosts/atomic.go:29.22,31.58 1 0
hosts-manager/internal/hosts/atomic.go:31.58,33.28 2 0
hosts-manager/internal/hosts/atomic.go:33.28,35.52 1 0
hosts-manager/internal/hosts/atomic.go:35.52,38.21 2 0
hosts-manager/internal/hosts/atomic.go:38.21,40.8 1 0
hosts-manager/internal/hosts/atomic.go:41.12,43.7 1 0
hosts-manager/internal/hosts/atomic.go:44.11,46.6 1 0
hosts-manager/internal/hosts/atomic.go:47.10,49.5 1 0
hosts-manager/internal/hosts/atomic.go:50.9,52.4 1 0
hosts-manager/internal/hosts/atomic.go:56.2,57.58 2 0
hosts-manager/internal/hosts/atomic.go:57.58,61.3 3 0
hosts-manager/internal/hosts/atomic.go:64.2,64.91 1 0
hosts-manager/internal/hosts/atomic.go:64.91,68.3 3 0
hosts-manager/internal/hosts/atomic.go:71.2,72.50 2 0
hosts-manager/internal/hosts/atomic.go:72.50,74.3 1 0
hosts-manager/internal/hosts/atomic.go:77.2,78.16 2 0
hosts-manager/internal/hosts/atomic.go:78.16,83.3 4 0
hosts-manager/internal/hosts/atomic.go:86.2,86.49 1 0
hosts-manager/internal/hosts/atomic.go:86.49,93.3 6 0
hosts-manager/internal/hosts/atomic.go:95.2,100.8 1 0
hosts-manager/internal/hosts/atomic.go:104.61,105.24 1 0
hosts-manager/internal/hosts/atomic.go:105.24,107.3 1 0
hosts-manager/internal/hosts/atomic.go:108.2,108.32 1 0
hosts-manager/internal/hosts/atomic.go:112.64,113.24 1 0
hosts-manager/internal/hosts/atomic.go:113.24,115.3 1 0
hosts-manager/internal/hosts/atomic.go:116.2,116.35 1 0
hosts-manager/internal/hosts/atomic.go:120.44,121.24 1 0
hosts-manager/internal/hosts/atomic.go:121.24,123.3 1 0
hosts-manager/internal/hosts/atomic.go:126.2,126.43 1 0
hosts-manager/internal/hosts/atomic.go:126.43,128.3 1 0
hosts-manager/internal/hosts/atomic.go:131.2,131.44 1 0
hosts-manager/internal/hosts/atomic.go:131.44,133.3 1 0
hosts-manager/internal/hosts/atomic.go:134.2,137.62 2 0
hosts-manager/internal/hosts/atomic.go:137.62,139.3 1 0
hosts-manager/internal/hosts/atomic.go:141.2,141.12 1 0
hosts-manager/internal/hosts/atomic.go:145.43,149.24 2 0
hosts-manager/internal/hosts/atomic.go:149.24,150.45 1 0
hosts-manager/internal/hosts/atomic.go:150.45,152.4 1 0
hosts-manager/internal/hosts/atomic.go:153.3,153.20 1 0
hosts-manager/internal/hosts/atomic.go:157.2,157.23 1 0
hosts-manager/internal/hosts/atomic.go:157.23,158.71 1 0
hosts-manager/internal/hosts/atomic.go:158.71,160.4 1 0
hosts-manager/internal/hosts/atomic.go:164.2,164.24 1 0
hosts-manager/internal/hosts/atomic.go:164.24,166.45 2 0
hosts-manager/internal/hosts/atomic.go:166.45,168.4 1 0
hosts-manager/internal/hosts/atomic.go:171.3,172.68 2 0
hosts-manager/internal/hosts/atomic.go:172.68,174.4 1 0
hosts-manager/internal/hosts/atomic.go:175.3,175.20 1 0
hosts-manager/internal/hosts/atomic.go:178.2,178.16 1 0
hosts-manager/internal/hosts/atomic.go:182.76,184.16 2 0
hosts-manager/internal/hosts/atomic.go:184.16,186.3 1 0
hosts-manager/internal/hosts/atomic.go:187.2,190.42 2 0
hosts-manager/internal/hosts/atomic.go:190.42,192.3 1 0
hosts-manager/internal/hosts/atomic.go:195.2,195.40 1 0
hosts-manager/internal/hosts/atomic.go:195.40,197.3 1 0
hosts-manager/internal/hosts/atomic.go:199.2,199.12 1 0
hosts-manager/internal/hosts/atomic.go:203.48,207.45 2 0
hosts-manager/internal/hosts/atomic.go:207.45,212.46 2 0
hosts-manager/internal/hosts/atomic.go:212.46,214.4 1 0
hosts-manager/internal/hosts/atomic.go:218.2,219.16 2 0
hosts-manager/internal/hosts/atomic.go:219.16,221.3 1 0
hosts-manager/internal/hosts/atomic.go:222.2,225.87 2 0
hosts-manager/internal/hosts/atomic.go:225.87,227.3 1 0
hosts-manager/internal/hosts/atomic.go:228.2,232.16 3 0
hosts-manager/internal/hosts/atomic.go:232.16,234.3 1 0
hosts-manager/internal/hosts/atomic.go:236.2,236.18 1 0
hosts-manager/internal/hosts/atomic.go:240.41,244.2 3 0
hosts-manager/internal/hosts/parser.go:24.41,26.2 1 0
hosts-manager/internal/hosts/parser.go:28.46,30.16 2 0
hosts-manager/internal/hosts/parser.go:30.16,32.3 1 0
hosts-manager/internal/hosts/parser.go:33.2,36.16 3 0
hosts-manager/internal/hosts/parser.go:36.16,38.3 1 0
hosts-manager/internal/hosts/parser.go:40.2,54.21 7 0
hosts-manager/internal/hosts/parser.go:54.21,59.72 4 0
hosts-manager/internal/hosts/parser.go:59.72,61.57 2 0
hosts-manager/internal/hosts/parser.go:61.57,67.45 2 0
hosts-manager/internal/hosts/parser.go:67.45,69.6 1 0
hosts-manager/internal/hosts/parser.go:71.4,72.12 2 0
hosts-manager/internal/hosts/parser.go:75.3,75.37 1 0
hosts-manager/internal/hosts/parser.go:75.37,77.12 2 0
hosts-manager/internal/hosts/parser.go:80.3,80.61 1 0
hosts-manager/internal/hosts/parser.go:80.61,84.57 3 0
hosts-manager/internal/hosts/parser.go:84.57,90.5 1 0
hosts-manager/internal/hosts/parser.go:91.4,91.92 1 0
hosts-manager/internal/hosts/parser.go:92.9,92.81 1 0
hosts-manager/internal/hosts/parser.go:92.81,93.19 1 0
[...]
hosts-manager/internal/hosts/validation.go:180.2,180.29 1 0
hosts-manager/internal/hosts/validation.go:180.29,181.27 1 0
hosts-manager/internal/hosts/validation.go:181.27,183.4 1 0
hosts-manager/internal/hosts/validation.go:186.3,186.49 1 0
hosts-manager/internal/hosts/validation.go:186.49,188.4 1 0
hosts-manager/internal/hosts/validation.go:192.2,192.34 1 0
hosts-manager/internal/hosts/validation.go:192.34,194.3 1 0
hosts-manager/internal/hosts/validation.go:197.2,197.53 1 0
hosts-manager/internal/hosts/validation.go:197.53,198.22 1 0
hosts-manager/internal/hosts/validation.go:198.22,200.4 1 0
hosts-manager/internal/hosts/validation.go:203.2,203.12 1 0
hosts-manager/internal/hosts/validation.go:207.48,208.17 1 0
hosts-manager/internal/hosts/validation.go:208.17,210.3 1 0
hosts-manager/internal/hosts/validation.go:212.2,212.21 1 0
hosts-manager/internal/hosts/validation.go:212.21,214.3 1 0
hosts-manager/internal/hosts/validation.go:217.2,217.68 1 0
hosts-manager/internal/hosts/validation.go:217.68,219.3 1 0
hosts-manager/internal/hosts/validation.go:222.2,222.26 1 0
hosts-manager/internal/hosts/validation.go:222.26,223.96 1 0
hosts-manager/internal/hosts/validation.go:223.96,225.4 1 0
hosts-manager/internal/hosts/validation.go:228.2,228.12 1 0
hosts-manager/internal/hosts/validation.go:232.47,243.32 2 0
hosts-manager/internal/hosts/validation.go:243.32,244.46 1 0
hosts-manager/internal/hosts/validation.go:244.46,245.26 1 0
hosts-manager/internal/hosts/validation.go:245.26,247.5 1 0
hosts-manager/internal/hosts/validation.go:251.2,251.14 1 0
hosts-manager/internal/hosts/validation.go:255.44,256.19 1 0
hosts-manager/internal/hosts/validation.go:256.19,258.3 1 0
hosts-manager/internal/hosts/validation.go:261.2,261.24 1 0
hosts-manager/internal/hosts/validation.go:261.24,263.3 1 0
hosts-manager/internal/hosts/validation.go:266.2,266.28 1 0
hosts-manager/internal/hosts/validation.go:266.28,267.66 1 0
hosts-manager/internal/hosts/validation.go:267.66,269.4 1 0
hosts-manager/internal/hosts/validation.go:273.2,286.44 3 0
hosts-manager/internal/hosts/validation.go:286.44,287.46 1 0
hosts-manager/internal/hosts/validation.go:287.46,289.4 1 0
hosts-manager/internal/hosts/validation.go:292.2,292.12 1 0
hosts-manager/internal/hosts/validation.go:296.39,298.45 1 0
hosts-manager/internal/hosts/validation.go:298.45,300.3 1 0
hosts-manager/internal/hosts/validation.go:303.2,303.31 1 0
hosts-manager/internal/hosts/validation.go:303.31,305.3 1 0
hosts-manager/internal/hosts/validation.go:307.2,307.43 1 0
hosts-manager/internal/hosts/validation.go:307.43,308.52 1 0
hosts-manager/internal/hosts/validation.go:308.52,310.4 1 0
hosts-manager/internal/hosts/validation.go:314.2,314.55 1 0
hosts-manager/internal/hosts/validation.go:314.55,316.3 1 0
hosts-manager/internal/hosts/validation.go:319.2,319.26 1 0
hosts-manager/internal/hosts/validation.go:319.26,320.62 1 0
hosts-manager/internal/hosts/validation.go:320.62,322.4 1 0
hosts-manager/internal/hosts/validation.go:325.2,325.12 1 0
hosts-manager/internal/hosts/validation.go:329.50,330.20 1 0
hosts-manager/internal/hosts/validation.go:330.20,332.3 1 0
hosts-manager/internal/hosts/validation.go:334.2,334.24 1 0
hosts-manager/internal/hosts/validation.go:334.24,336.3 1 0
hosts-manager/internal/hosts/validation.go:339.2,340.42 2 0
hosts-manager/internal/hosts/validation.go:340.42,342.3 1 0
hosts-manager/internal/hosts/validation.go:344.2,344.12 1 0
hosts-manager/internal/hosts/validation.go:348.60,350.50 1 0
hosts-manager/internal/hosts/validation.go:350.50,352.3 1 0
hosts-manager/internal/tui/tui.go:91.64,101.43 3 0
hosts-manager/internal/tui/tui.go:101.43,103.3 1 0
hosts-manager/internal/tui/tui.go:105.2,107.12 3 0
hosts-manager/internal/tui/tui.go:110.66,114.55 3 0
hosts-manager/internal/tui/tui.go:114.55,115.42 1 0
hosts-manager/internal/tui/tui.go:115.42,123.4 2 0
hosts-manager/internal/tui/tui.go:126.2,126.16 1 0
hosts-manager/internal/tui/tui.go:129.32,131.2 1 0
hosts-manager/internal/tui/tui.go:133.58,134.27 1 0
hosts-manager/internal/tui/tui.go:135.25,138.16 3 0
hosts-manager/internal/tui/tui.go:140.18,141.24 1 0
hosts-manager/internal/tui/tui.go:142.17,143.28 1 0
hosts-manager/internal/tui/tui.go:144.19,145.30 1 0
hosts-manager/internal/tui/tui.go:146.17,147.28 1 0
hosts-manager/internal/tui/tui.go:148.16,149.27 1 0
hosts-manager/internal/tui/tui.go:152.16,154.16 2 0
hosts-manager/internal/tui/tui.go:156.18,158.16 2 0
hosts-manager/internal/tui/tui.go:161.2,161.15 1 0
hosts-manager/internal/tui/tui.go:164.65,165.22 1 0
hosts-manager/internal/tui/tui.go:166.21,167.21 1 0
hosts-manager/internal/tui/tui.go:169.17,170.19 1 0
hosts-manager/internal/tui/tui.go:170.19,172.4 1 0
hosts-manager/internal/tui/tui.go:174.19,175.34 1 0
hosts-manager/internal/tui/tui.go:175.34,177.4 1 0
hosts-manager/internal/tui/tui.go:179.11,180.15 1 0
hosts-manager/internal/tui/tui.go:182.11,183.32 1 0
hosts-manager/internal/tui/tui.go:185.11,186.32 1 0
hosts-manager/internal/tui/tui.go:186.32,192.28 4 0
hosts-manager/internal/tui/tui.go:192.28,193.42 1 0
hosts-manager/internal/tui/tui.go:193.42,198.73 1 0
hosts-manager/internal/tui/tui.go:198.73,200.12 2 0
hosts-manager/internal/tui/tui.go:205.4,206.27 2 0
hosts-manager/internal/tui/tui.go:206.27,208.5 1 0
hosts-manager/internal/tui/tui.go:209.4,209.47 1 0
hosts-manager/internal/tui/tui.go:212.11,213.32 1 0
hosts-manager/internal/tui/tui.go:213.32,217.41 3 0
hosts-manager/internal/tui/tui.go:217.41,219.57 2 0
hosts-manager/internal/tui/tui.go:219.57,221.6 1 0
hosts-manager/internal/tui/tui.go:222.5,222.59 1 0
hosts-manager/internal/tui/tui.go:223.10,225.5 1 0
hosts-manager/internal/tui/tui.go:228.11,231.21 3 0
hosts-manager/internal/tui/tui.go:233.11,235.26 2 0
hosts-manager/internal/tui/tui.go:237.11,238.25 1 0
hosts-manager/internal/tui/tui.go:240.11,246.17 6 0
hosts-manager/internal/tui/tui.go:248.16,249.27 1 0
hosts-manager/internal/tui/tui.go:251.15,252.32 1 0
hosts-manager/internal/tui/tui.go:252.32,255.4 2 0
hosts-manager/internal/tui/tui.go:258.2,258.15 1 0
hosts-manager/internal/tui/tui.go:261.67,262.22 1 0
hosts-manager/internal/tui/tui.go:263.13,267.42 4 0
hosts-manager/internal/tui/tui.go:269.15,272.20 3 0
hosts-manager/internal/tui/tui.go:274.19,275.29 1 0
hosts-manager/internal/tui/tui.go:275.29,277.4 1 0
hosts-manager/internal/tui/tui.go:279.10,280.29 1 0
hosts-manager/internal/tui/tui.go:280.29,282.4 1 0
hosts-manager/internal/tui/tui.go:285.2,285.15 1 0
hosts-manager/internal/tui/tui.go:288.65,289.22 1 0
hosts-manager/internal/tui/tui.go:290.28,291.27 1 0
hosts-manager/internal/tui/tui.go:294.2,294.15 1 0
hosts-manager/internal/tui/tui.go:297.64,298.22 1 0
hosts-manager/internal/tui/tui.go:299.13,300.27 1 0
hosts-manager/internal/tui/tui.go:302.21,303.36 1 0
hosts-manager/internal/tui/tui.go:305.25,306.36 1 0
hosts-manager/internal/tui/tui.go:308.15,309.44 1 0
hosts-manager/internal/tui/tui.go:309.44,321.54 3 0
hosts-manager/internal/tui/tui.go:321.54,324.5 2 0
hosts-manager/internal/tui/tui.go:325.4,327.28 3 0
hosts-manager/internal/tui/tui.go:328.9,330.4 1 0
hosts-manager/internal/tui/tui.go:332.19,333.21 1 0
hosts-manager/internal/tui/tui.go:334.10,335.24 1 0
hosts-manager/internal/tui/tui.go:335.24,337.5 1 0
hosts-manager/internal/tui/tui.go:338.10,339.31 1 0
hosts-manager/internal/tui/tui.go:339.31,341.5 1 0
hosts-manager/internal/tui/tui.go:342.10,343.29 1 0
hosts-manager/internal/tui/tui.go:343.29,345.5 1 0
hosts-manager/internal/tui/tui.go:346.10,347.30 1 0
hosts-manager/internal/tui/tui.go:347.30,349.5 1 0
hosts-manager/internal/tui/tui.go:352.10,353.29 1 0
hosts-manager/internal/tui/tui.go:353.29,354.22 1 0
hosts-manager/internal/tui/tui.go:355.11,356.28 1 0
hosts-manager/internal/tui/tui.go:357.11,358.35 1 0
hosts-manager/internal/tui/tui.go:359.11,360.33 1 0
hosts-manager/internal/tui/tui.go:361.11,362.34 1 0
hosts-manager/internal/tui/tui.go:367.2,367.15 1 0
hosts-manager/internal/tui/tui.go:370.33,371.25 1 0
hosts-manager/internal/tui/tui.go:371.25,374.3 2 0
hosts-manager/internal/tui/tui.go:376.2,379.34 3 0
hosts-manager/internal/tui/tui.go:379.34,382.50 2 0
hosts-manager/internal/tui/tui.go:382.50,383.58 1 0
hosts-manager/internal/tui/tui.go:383.58,385.10 2 0
hosts-manager/internal/tui/tui.go:389.3,389.73 1 0
hosts-manager/internal/tui/tui.go:389.73,391.4 1 0
hosts-manager/internal/tui/tui.go:393.3,393.78 1 0
hosts-manager/internal/tui/tui.go:393.78,395.4 1 0
hosts-manager/internal/tui/tui.go:397.3,397.73 1 0
hosts-manager/internal/tui/tui.go:397.73,399.4 1 0
hosts-manager/internal/tui/tui.go:401.3,401.12 1 0
hosts-manager/internal/tui/tui.go:401.12,403.4 1 0
hosts-manager/internal/tui/tui.go:406.2,408.89 3 0
hosts-manager/internal/tui/tui.go:411.36,412.24 1 0
hosts-manager/internal/tui/tui.go:412.24,413.65 1 0
hosts-manager/internal/tui/tui.go:413.65,415.4 1 0
hosts-manager/internal/tui/tui.go:416.3,416.22 1 0
hosts-manager/internal/tui/tui.go:423.31,424.23 1 0
hosts-manager/internal/tui/tui.go:425.16,426.22 1 0
hosts-manager/internal/tui/tui.go:427.18,428.24 1 0
hosts-manager/internal/tui/tui.go:429.16,430.22 1 0
hosts-manager/internal/tui/tui.go:431.15,432.21 1 0
hosts-manager/internal/tui/tui.go:435.2,435.11 1 0
hosts-manager/internal/tui/tui.go:438.35,444.25 4 0
hosts-manager/internal/tui/tui.go:444.25,446.3 1 0
hosts-manager/internal/tui/tui.go:446.8,448.3 1 0
hosts-manager/internal/tui/tui.go:450.2,451.34 2 0
hosts-manager/internal/tui/tui.go:451.34,452.40 1 0
hosts-manager/internal/tui/tui.go:452.40,456.4 3 0
hosts-manager/internal/tui/tui.go:458.3,459.20 2 0
hosts-manager/internal/tui/tui.go:459.20,461.4 1 0
hosts-manager/internal/tui/tui.go:463.3,465.26 3 0
hosts-manager/internal/tui/tui.go:465.26,468.4 2 0
hosts-manager/internal/tui/tui.go:470.3,476.32 2 0
hosts-manager/internal/tui/tui.go:476.32,478.4 1 0
hosts-manager/internal/tui/tui.go:480.3,480.20 1 0
hosts-manager/internal/tui/tui.go:480.20,482.4 1 0
hosts-manager/internal/tui/tui.go:482.9,484.4 1 0
hosts-manager/internal/tui/tui.go:486.3,487.22 2 0
hosts-manager/internal/tui/tui.go:490.2,490.21 1 0
hosts-manager/internal/tui/tui.go:490.21,492.86 2 0
hosts-manager/internal/tui/tui.go:492.86,494.4 1 0
hosts-manager/internal/tui/tui.go:494.9,496.4 1 0
hosts-manager/internal/tui/tui.go:497.3,497.22 1 0
hosts-manager/internal/tui/tui.go:500.2,502.19 2 0
hosts-manager/internal/tui/tui.go:505.37,519.2 9 0
hosts-manager/internal/tui/tui.go:521.35,558.2 8 0
hosts-manager/internal/tui/tui.go:560.34,568.21 5 0
hosts-manager/internal/tui/tui.go:568.21,570.3 1 0
hosts-manager/internal/tui/tui.go:571.2,575.21 3 0
hosts-manager/internal/tui/tui.go:575.21,577.3 1 0
hosts-manager/internal/tui/tui.go:578.2,582.21 3 0
hosts-manager/internal/tui/tui.go:582.21,584.3 1 0
hosts-manager/internal/tui/tui.go:585.2,589.21 3 0
hosts-manager/internal/tui/tui.go:589.21,591.3 1 0
hosts-manager/internal/tui/tui.go:592.2,599.19 6 0
hosts-manager/pkg/platform/platform.go:18.22,23.2 1 0
hosts-manager/pkg/platform/platform.go:25.28,26.22 1 0
hosts-manager/pkg/platform/platform.go:27.17,28.49 1 0
hosts-manager/pkg/platform/platform.go:29.25,30.22 1 0
hosts-manager/pkg/platform/platform.go:31.10,32.22 1 0
hosts-manager/pkg/platform/platform.go:36.46,38.2 1 0
hosts-manager/pkg/platform/platform.go:40.42,42.2 1 0
hosts-manager/pkg/platform/platform.go:44.46,46.16 2 0
hosts-manager/pkg/platform/platform.go:46.16,48.3 1 0
hosts-manager/pkg/platform/platform.go:49.2,50.13 2 0
hosts-manager/pkg/platform/platform.go:53.44,54.28 1 0
hosts-manager/pkg/platform/platform.go:54.28,56.3 1 0
hosts-manager/pkg/platform/platform.go:59.2,59.20 1 0
hosts-manager/pkg/platform/platform.go:59.20,61.3 1 0
hosts-manager/pkg/platform/platform.go:63.2,63.22 1 0
hosts-manager/pkg/platform/platform.go:64.17,65.147 1 0
hosts-manager/pkg/platform/platform.go:66.25,67.118 1 0
hosts-manager/pkg/platform/platform.go:68.10,69.87 1 0
hosts-manager/pkg/platform/platform.go:74.50,77.21 1 0
hosts-manager/pkg/platform/platform.go:77.21,78.23 1 0
hosts-manager/pkg/platform/platform.go:79.18,80.165 1 0
hosts-manager/pkg/platform/platform.go:81.26,82.136 1 0
hosts-manager/pkg/platform/platform.go:83.11,84.91 1 0
hosts-manager/pkg/platform/platform.go:88.2,88.29 1 0
hosts-manager/pkg/platform/platform.go:88.29,90.3 1 0
hosts-manager/pkg/platform/platform.go:92.2,92.12 1 0
hosts-manager/pkg/platform/platform.go:95.62,96.22 1 0
hosts-manager/pkg/platform/platform.go:97.17,98.83 1 0
hosts-manager/pkg/platform/platform.go:99.10,100.56 1 0
hosts-manager/pkg/platform/platform.go:104.38,105.22 1 0
hosts-manager/pkg/platform/platform.go:106.17,108.26 2 0
hosts-manager/pkg/platform/platform.go:109.25,110.27 1 0
hosts-manager/pkg/platform/platform.go:111.10,112.15 1 0
hosts-manager/pkg/platform/platform.go:116.42,117.22 1 0
hosts-manager/pkg/platform/platform.go:118.17,119.53 1 0
hosts-manager/pkg/platform/platform.go:119.53,121.4 1 0
hosts-manager/pkg/platform/platform.go:122.3,122.40 1 0
hosts-manager/pkg/platform/platform.go:123.16,124.44 1 0
hosts-manager/pkg/platform/platform.go:124.44,126.4 1 0
hosts-manager/pkg/platform/platform.go:127.3,127.30 1 0
hosts-manager/pkg/platform/platform.go:128.15,129.65 1 0
hosts-manager/pkg/platform/platform.go:129.65,131.4 1 0
hosts-manager/pkg/platform/platform.go:132.3,132.44 1 0
hosts-manager/pkg/platform/platform.go:132.44,134.4 1 0
hosts-manager/pkg/platform/platform.go:135.3,135.30 1 0
hosts-manager/pkg/platform/platform.go:136.10,137.30 1 0
hosts-manager/pkg/platform/platform.go:141.40,142.22 1 0
hosts-manager/pkg/platform/platform.go:143.17,144.68 1 0
hosts-manager/pkg/platform/platform.go:144.68,146.4 1 0
hosts-manager/pkg/platform/platform.go:147.3,147.26 1 0
hosts-manager/pkg/platform/platform.go:148.16,149.44 1 0
hosts-manager/pkg/platform/platform.go:149.44,151.4 1 0
hosts-manager/pkg/platform/platform.go:152.3,152.26 1 0
hosts-manager/pkg/platform/platform.go:153.15,154.59 1 0
hosts-manager/pkg/platform/platform.go:154.59,156.4 1 0
hosts-manager/pkg/platform/platform.go:157.3,157.44 1 0
hosts-manager/pkg/platform/platform.go:157.44,159.4 1 0
hosts-manager/pkg/platform/platform.go:160.3,160.26 1 0
hosts-manager/pkg/platform/platform.go:161.10,162.26 1 0
hosts-manager/pkg/platform/platform.go:174.53,177.2 2 0
hosts-manager/pkg/platform/platform.go:179.82,184.39 2 0
hosts-manager/pkg/platform/platform.go:184.39,196.3 4 0
hosts-manager/pkg/platform/platform.go:199.2,200.16 2 0
hosts-manager/pkg/platform/platform.go:200.16,212.3 4 0
hosts-manager/pkg/platform/platform.go:215.2,215.34 1 0
hosts-manager/pkg/platform/platform.go:215.34,227.3 4 0
hosts-manager/pkg/platform/platform.go:230.2,230.22 1 0
hosts-manager/pkg/platform/platform.go:231.17,232.49 1 0
hosts-manager/pkg/platform/platform.go:233.10,234.49 1 0
hosts-manager/pkg/search/search.go:21.55,26.2 1 1
hosts-manager/pkg/search/search.go:28.78,29.17 1 1
hosts-manager/pkg/search/search.go:29.17,31.3 1 1
hosts-manager/pkg/search/search.go:33.2,35.48 2 1
hosts-manager/pkg/search/search.go:35.48,36.42 1 1
hosts-manager/pkg/search/search.go:36.42,37.61 1 1
hosts-manager/pkg/search/search.go:37.61,43.5 1 1
hosts-manager/pkg/search/search.go:47.2,47.42 1 1
hosts-manager/pkg/search/search.go:47.42,49.3 1 1
hosts-manager/pkg/search/search.go:51.2,51.16 1 1
hosts-manager/pkg/search/search.go:54.82,55.22 1 1
hosts-manager/pkg/search/search.go:55.22,57.3 1 1
hosts-manager/pkg/search/search.go:59.2,62.43 3 1
hosts-manager/pkg/search/search.go:62.43,64.23 2 1
hosts-manager/pkg/search/search.go:64.23,66.4 1 1
hosts-manager/pkg/search/search.go:68.3,69.14 2 1
hosts-manager/pkg/search/search.go:69.14,71.4 1 1
hosts-manager/pkg/search/search.go:71.9,73.4 1 1
hosts-manager/pkg/search/search.go:75.3,75.23 1 1
hosts-manager/pkg/search/search.go:75.23,78.4 2 1
hosts-manager/pkg/search/search.go:81.2,82.22 2 1
hosts-manager/pkg/search/search.go:82.22,84.3 1 1
hosts-manager/pkg/search/search.go:86.2,87.13 2 1
hosts-manager/pkg/search/search.go:87.13,89.3 1 1
hosts-manager/pkg/search/search.go:89.8,91.3 1 1
hosts-manager/pkg/search/search.go:93.2,93.24 1 1
hosts-manager/pkg/search/search.go:93.24,96.3 2 1
hosts-manager/pkg/search/search.go:98.2,98.25 1 1
hosts-manager/pkg/search/search.go:98.25,100.23 2 1
hosts-manager/pkg/search/search.go:100.23,102.4 1 1
hosts-manager/pkg/search/search.go:104.3,105.14 2 1
hosts-manager/pkg/search/search.go:105.14,107.4 1 1
hosts-manager/pkg/search/search.go:107.9,109.4 1 1
hosts-manager/pkg/search/search.go:111.3,111.30 1 1
hosts-manager/pkg/search/search.go:111.30,114.4 2 1
hosts-manager/pkg/search/search.go:117.2,117.28 1 1
hosts-manager/pkg/search/search.go:120.59,121.19 1 1
hosts-manager/pkg/search/search.go:121.19,123.3 1 1
hosts-manager/pkg/search/search.go:125.2,125.36 1 1
hosts-manager/pkg/search/search.go:125.36,127.3 1 1
hosts-manager/pkg/search/search.go:129.2,129.35 1 1
hosts-manager/pkg/search/search.go:129.35,131.3 1 1
hosts-manager/pkg/search/search.go:133.2,134.29 2 1
hosts-manager/pkg/search/search.go:134.29,135.20 1 1
hosts-manager/pkg/search/search.go:135.20,137.4 1 0
hosts-manager/pkg/search/search.go:138.3,138.37 1 1
hosts-manager/pkg/search/search.go:138.37,140.4 1 0
hosts-manager/pkg/search/search.go:143.2,143.12 1 1
hosts-manager/pkg/search/search.go:146.59,147.19 1 1
hosts-manager/pkg/search/search.go:147.19,149.3 1 1
hosts-manager/pkg/search/search.go:151.2,153.25 3 1
hosts-manager/pkg/search/search.go:153.25,155.3 1 1
hosts-manager/pkg/search/search.go:157.2,157.17 1 1
hosts-manager/pkg/search/search.go:157.17,159.3 1 0
hosts-manager/pkg/search/search.go:161.2,163.35 2 1
hosts-manager/pkg/search/search.go:163.35,165.3 1 1
hosts-manager/pkg/search/search.go:167.2,167.36 1 1
hosts-manager/pkg/search/search.go:167.36,169.3 1 1
hosts-manager/pkg/search/search.go:171.2,171.19 1 1
hosts-manager/pkg/search/search.go:174.57,175.17 1 1
hosts-manager/pkg/search/search.go:175.17,177.3 1 1
hosts-manager/pkg/search/search.go:178.2,178.17 1 1
hosts-manager/pkg/search/search.go:178.17,180.3 1 1
hosts-manager/pkg/search/search.go:182.2,183.24 2 1
hosts-manager/pkg/search/search.go:183.24,186.3 2 1
hosts-manager/pkg/search/search.go:188.2,188.31 1 1
hosts-manager/pkg/search/search.go:188.31,190.3 1 1
hosts-manager/pkg/search/search.go:192.2,192.31 1 1
hosts-manager/pkg/search/search.go:192.31,193.32 1 1
hosts-manager/pkg/search/search.go:193.32,195.24 2 1
hosts-manager/pkg/search/search.go:195.24,197.5 1 1
hosts-manager/pkg/search/search.go:199.4,203.5 1 1
hosts-manager/pkg/search/search.go:207.2,207.31 1 1
hosts-manager/pkg/search/search.go:210.27,211.20 1 1
hosts-manager/pkg/search/search.go:211.20,213.3 1 1
hosts-manager/pkg/search/search.go:214.2,214.11 1 1
hosts-manager/pkg/search/search.go:214.11,216.3 1 1
hosts-manager/pkg/search/search.go:217.2,217.10 1 1
hosts-manager/pkg/search/search.go:220.98,224.33 3 1
hosts-manager/pkg/search/search.go:224.33,225.40 1 1
hosts-manager/pkg/search/search.go:225.40,227.4 1 1
hosts-manager/pkg/search/search.go:230.2,230.17 1 1
hosts-manager/pkg/search/search.go:233.79,236.48 2 1
hosts-manager/pkg/search/search.go:236.48,237.42 1 1
hosts-manager/pkg/search/search.go:237.42,239.24 2 1
hosts-manager/pkg/search/search.go:239.24,242.5 2 1
hosts-manager/pkg/search/search.go:244.4,244.21 1 1
hosts-manager/pkg/search/search.go:244.21,250.5 1 1
hosts-manager/pkg/search/search.go:254.2,254.16 1 1
hosts-manager/pkg/search/search.go:257.91,260.48 2 1
hosts-manager/pkg/search/search.go:260.48,261.42 1 1
hosts-manager/pkg/search/search.go:261.42,262.38 1 1
hosts-manager/pkg/search/search.go:262.38,265.25 3 1
hosts-manager/pkg/search/search.go:265.25,268.6 2 1
hosts-manager/pkg/search/search.go:270.5,271.16 2 1
hosts-manager/pkg/search/search.go:271.16,273.6 1 1
hosts-manager/pkg/search/search.go:273.11,275.6 1 1
hosts-manager/pkg/search/search.go:277.5,277.18 1 1
hosts-manager/pkg/search/search.go:277.18,283.6 1 1
hosts-manager/pkg/search/search.go:288.2,288.42 1 1
hosts-manager/pkg/search/search.go:288.42,290.3 1 1
hosts-manager/pkg/search/search.go:292.2,292.16 1 1
